[ 2019-07-04T14:20:49+08:00 ] ::1 /Home/NewsApi/receiveNews
INFO: [ app_init ] --START--
INFO: Run Behavior\BuildLiteBehavior [ RunTime:0.000020s ]
INFO: [ app_init ] --END-- [ RunTime:0.000700s ]
INFO: [ app_begin ] --START--
INFO: Run Behavior\ReadHtmlCacheBehavior [ RunTime:0.000989s ]
INFO: [ app_begin ] --END-- [ RunTime:0.001080s ]
NOTIC: [8192] mysql_connect(): The mysql extension is deprecated and will be removed in the future: use mysqli or PDO instead E:\nkp\wamp64\www\ThinkPHP\Library\Think\Db\Driver\Mysql.class.php 第 52 行.
SQL: SHOW COLUMNS FROM `tp_user` [ RunTime:0.000656s ]
SQL: SELECT * FROM `tp_user` WHERE `uToken` = '7e92ef35f719edf7143d79d767455689' ORDER BY uToken LIMIT 1   [ RunTime:0.000249s ]
SQL: select a.id,a.sendId,a.receiveId,a.content,a.isRead,a.time,b.uId,b.uName,b.uImgSrc from tp_news_list as a left join tp_user as b on a.sendId=b.uId where a.receiveId=9 order by a.time desc [ RunTime:0.000453s ]
INFO: [ app_end ] --START--
INFO: Run Behavior\ShowPageTraceBehavior [ RunTime:0.001114s ]
INFO: [ app_end ] --END-- [ RunTime:0.001207s ]

[ 2019-07-04T14:20:49+08:00 ] ::1 /Home/ProjectApi/getMyProjects
INFO: [ app_init ] --START--
INFO: Run Behavior\BuildLiteBehavior [ RunTime:0.000019s ]
INFO: [ app_init ] --END-- [ RunTime:0.000571s ]
INFO: [ app_begin ] --START--
INFO: Run Behavior\ReadHtmlCacheBehavior [ RunTime:0.001460s ]
INFO: [ app_begin ] --END-- [ RunTime:0.001564s ]
NOTIC: [8192] mysql_connect(): The mysql extension is deprecated and will be removed in the future: use mysqli or PDO instead E:\nkp\wamp64\www\ThinkPHP\Library\Think\Db\Driver\Mysql.class.php 第 52 行.
SQL: SHOW COLUMNS FROM `tp_user` [ RunTime:0.000747s ]
SQL: SELECT * FROM `tp_user` WHERE `uToken` = '7e92ef35f719edf7143d79d767455689' ORDER BY uToken LIMIT 1   [ RunTime:0.000229s ]
SQL: SHOW COLUMNS FROM `tp_project_list` [ RunTime:0.000497s ]
SQL: SELECT * FROM `tp_project_list` WHERE `uId` = 9 ORDER BY uJoinTime desc  [ RunTime:0.000229s ]
INFO: [ app_end ] --START--
INFO: Run Behavior\ShowPageTraceBehavior [ RunTime:0.009447s ]
INFO: [ app_end ] --END-- [ RunTime:0.009545s ]

[ 2019-07-04T14:20:51+08:00 ] ::1 /Home/NewsApi/receiveNews
INFO: [ app_init ] --START--
INFO: Run Behavior\BuildLiteBehavior [ RunTime:0.000019s ]
INFO: [ app_init ] --END-- [ RunTime:0.000638s ]
INFO: [ app_begin ] --START--
INFO: Run Behavior\ReadHtmlCacheBehavior [ RunTime:0.001326s ]
INFO: [ app_begin ] --END-- [ RunTime:0.001417s ]
NOTIC: [8192] mysql_connect(): The mysql extension is deprecated and will be removed in the future: use mysqli or PDO instead E:\nkp\wamp64\www\ThinkPHP\Library\Think\Db\Driver\Mysql.class.php 第 52 行.
SQL: SHOW COLUMNS FROM `tp_user` [ RunTime:0.000660s ]
SQL: SELECT * FROM `tp_user` WHERE `uToken` = '7e92ef35f719edf7143d79d767455689' ORDER BY uToken LIMIT 1   [ RunTime:0.000234s ]
SQL: select a.id,a.sendId,a.receiveId,a.content,a.isRead,a.time,b.uId,b.uName,b.uImgSrc from tp_news_list as a left join tp_user as b on a.sendId=b.uId where a.receiveId=9 order by a.time desc [ RunTime:0.000415s ]
INFO: [ app_end ] --START--
INFO: Run Behavior\ShowPageTraceBehavior [ RunTime:0.003752s ]
INFO: [ app_end ] --END-- [ RunTime:0.003834s ]

[ 2019-07-04T14:21:59+08:00 ] ::1 /Home/NewsApi/receiveNews
INFO: [ app_init ] --START--
INFO: Run Behavior\BuildLiteBehavior [ RunTime:0.000019s ]
INFO: [ app_init ] --END-- [ RunTime:0.000390s ]
INFO: [ app_begin ] --START--
INFO: Run Behavior\ReadHtmlCacheBehavior [ RunTime:0.000929s ]
INFO: [ app_begin ] --END-- [ RunTime:0.001025s ]
NOTIC: [8192] mysql_connect(): The mysql extension is deprecated and will be removed in the future: use mysqli or PDO instead E:\nkp\wamp64\www\ThinkPHP\Library\Think\Db\Driver\Mysql.class.php 第 52 行.
SQL: SHOW COLUMNS FROM `tp_user` [ RunTime:0.000756s ]
SQL: SELECT * FROM `tp_user` WHERE `uToken` = '7e92ef35f719edf7143d79d767455689' ORDER BY uToken LIMIT 1   [ RunTime:0.000272s ]
SQL: select a.id,a.sendId,a.receiveId,a.content,a.isRead,a.time,b.uId,b.uName,b.uImgSrc from tp_news_list as a left join tp_user as b on a.sendId=b.uId where a.receiveId=9 order by a.time desc [ RunTime:0.000443s ]
INFO: [ app_end ] --START--
INFO: Run Behavior\ShowPageTraceBehavior [ RunTime:0.000814s ]
INFO: [ app_end ] --END-- [ RunTime:0.000906s ]

[ 2019-07-04T14:21:59+08:00 ] ::1 /Home/ProjectApi/getMyProjects
INFO: [ app_init ] --START--
INFO: Run Behavior\BuildLiteBehavior [ RunTime:0.000018s ]
INFO: [ app_init ] --END-- [ RunTime:0.000504s ]
INFO: [ app_begin ] --START--
INFO: Run Behavior\ReadHtmlCacheBehavior [ RunTime:0.001112s ]
INFO: [ app_begin ] --END-- [ RunTime:0.001203s ]
NOTIC: [8192] mysql_connect(): The mysql extension is deprecated and will be removed in the future: use mysqli or PDO instead E:\nkp\wamp64\www\ThinkPHP\Library\Think\Db\Driver\Mysql.class.php 第 52 行.
SQL: SHOW COLUMNS FROM `tp_user` [ RunTime:0.000499s ]
SQL: SELECT * FROM `tp_user` WHERE `uToken` = '7e92ef35f719edf7143d79d767455689' ORDER BY uToken LIMIT 1   [ RunTime:0.000255s ]
SQL: SHOW COLUMNS FROM `tp_project_list` [ RunTime:0.000390s ]
SQL: SELECT * FROM `tp_project_list` WHERE `uId` = 9 ORDER BY uJoinTime desc  [ RunTime:0.000230s ]
INFO: [ app_end ] --START--
INFO: Run Behavior\ShowPageTraceBehavior [ RunTime:0.012701s ]
INFO: [ app_end ] --END-- [ RunTime:0.012787s ]

[ 2019-07-04T14:22:06+08:00 ] ::1 /Home/ProjectApi/getMyProjects
INFO: [ app_init ] --START--
INFO: Run Behavior\BuildLiteBehavior [ RunTime:0.000018s ]
INFO: [ app_init ] --END-- [ RunTime:0.000372s ]
INFO: [ app_begin ] --START--
INFO: Run Behavior\ReadHtmlCacheBehavior [ RunTime:0.000717s ]
INFO: [ app_begin ] --END-- [ RunTime:0.000805s ]
NOTIC: [8192] mysql_connect(): The mysql extension is deprecated and will be removed in the future: use mysqli or PDO instead E:\nkp\wamp64\www\ThinkPHP\Library\Think\Db\Driver\Mysql.class.php 第 52 行.
SQL: SHOW COLUMNS FROM `tp_user` [ RunTime:0.000607s ]
SQL: SELECT * FROM `tp_user` WHERE `uToken` = '7e92ef35f719edf7143d79d767455689' ORDER BY uToken LIMIT 1   [ RunTime:0.000236s ]
SQL: SHOW COLUMNS FROM `tp_project_list` [ RunTime:0.000489s ]
SQL: SELECT * FROM `tp_project_list` WHERE `uId` = 9 AND `isCreater` = 1 ORDER BY uJoinTime desc  [ RunTime:0.000236s ]
INFO: [ app_end ] --START--
INFO: Run Behavior\ShowPageTraceBehavior [ RunTime:0.000827s ]
INFO: [ app_end ] --END-- [ RunTime:0.000919s ]

[ 2019-07-04T14:22:06+08:00 ] ::1 /Home/NewsApi/receiveNews
INFO: [ app_init ] --START--
INFO: Run Behavior\BuildLiteBehavior [ RunTime:0.000018s ]
INFO: [ app_init ] --END-- [ RunTime:0.000364s ]
INFO: [ app_begin ] --START--
INFO: Run Behavior\ReadHtmlCacheBehavior [ RunTime:0.000714s ]
INFO: [ app_begin ] --END-- [ RunTime:0.000807s ]
NOTIC: [8192] mysql_connect(): The mysql extension is deprecated and will be removed in the future: use mysqli or PDO instead E:\nkp\wamp64\www\ThinkPHP\Library\Think\Db\Driver\Mysql.class.php 第 52 行.
SQL: SHOW COLUMNS FROM `tp_user` [ RunTime:0.000418s ]
SQL: SELECT * FROM `tp_user` WHERE `uToken` = '7e92ef35f719edf7143d79d767455689' ORDER BY uToken LIMIT 1   [ RunTime:0.000230s ]
SQL: select a.id,a.sendId,a.receiveId,a.content,a.isRead,a.time,b.uId,b.uName,b.uImgSrc from tp_news_list as a left join tp_user as b on a.sendId=b.uId where a.receiveId=9 order by a.time desc [ RunTime:0.000289s ]
INFO: [ app_end ] --START--
INFO: Run Behavior\ShowPageTraceBehavior [ RunTime:0.007425s ]
INFO: [ app_end ] --END-- [ RunTime:0.007518s ]

[ 2019-07-04T14:22:07+08:00 ] ::1 /Home/NewsApi/receiveNews
INFO: [ app_init ] --START--
INFO: Run Behavior\BuildLiteBehavior [ RunTime:0.000017s ]
INFO: [ app_init ] --END-- [ RunTime:0.000370s ]
INFO: [ app_begin ] --START--
INFO: Run Behavior\ReadHtmlCacheBehavior [ RunTime:0.000731s ]
INFO: [ app_begin ] --END-- [ RunTime:0.000832s ]
NOTIC: [8192] mysql_connect(): The mysql extension is deprecated and will be removed in the future: use mysqli or PDO instead E:\nkp\wamp64\www\ThinkPHP\Library\Think\Db\Driver\Mysql.class.php 第 52 行.
SQL: SHOW COLUMNS FROM `tp_user` [ RunTime:0.000633s ]
SQL: SELECT * FROM `tp_user` WHERE `uToken` = '7e92ef35f719edf7143d79d767455689' ORDER BY uToken LIMIT 1   [ RunTime:0.000201s ]
SQL: select a.id,a.sendId,a.receiveId,a.content,a.isRead,a.time,b.uId,b.uName,b.uImgSrc from tp_news_list as a left join tp_user as b on a.sendId=b.uId where a.receiveId=9 order by a.time desc [ RunTime:0.000500s ]
INFO: [ app_end ] --START--
INFO: Run Behavior\ShowPageTraceBehavior [ RunTime:0.001932s ]
INFO: [ app_end ] --END-- [ RunTime:0.002021s ]

[ 2019-07-04T14:22:48+08:00 ] ::1 /Home/NewsApi/receiveNews
INFO: [ app_init ] --START--
INFO: Run Behavior\BuildLiteBehavior [ RunTime:0.000018s ]
INFO: [ app_init ] --END-- [ RunTime:0.000374s ]
INFO: [ app_begin ] --START--
INFO: Run Behavior\ReadHtmlCacheBehavior [ RunTime:0.000708s ]
INFO: [ app_begin ] --END-- [ RunTime:0.000794s ]
NOTIC: [8192] mysql_connect(): The mysql extension is deprecated and will be removed in the future: use mysqli or PDO instead E:\nkp\wamp64\www\ThinkPHP\Library\Think\Db\Driver\Mysql.class.php 第 52 行.
SQL: SHOW COLUMNS FROM `tp_user` [ RunTime:0.000537s ]
SQL: SELECT * FROM `tp_user` WHERE `uToken` = '7e92ef35f719edf7143d79d767455689' ORDER BY uToken LIMIT 1   [ RunTime:0.000212s ]
SQL: select a.id,a.sendId,a.receiveId,a.content,a.isRead,a.time,b.uId,b.uName,b.uImgSrc from tp_news_list as a left join tp_user as b on a.sendId=b.uId where a.receiveId=9 order by a.time desc [ RunTime:0.000312s ]
INFO: [ app_end ] --START--
INFO: Run Behavior\ShowPageTraceBehavior [ RunTime:0.000810s ]
INFO: [ app_end ] --END-- [ RunTime:0.000894s ]

[ 2019-07-04T14:22:48+08:00 ] ::1 /Home/ProjectApi/getMyProjects
INFO: [ app_init ] --START--
INFO: Run Behavior\BuildLiteBehavior [ RunTime:0.000018s ]
INFO: [ app_init ] --END-- [ RunTime:0.000895s ]
INFO: [ app_begin ] --START--
INFO: Run Behavior\ReadHtmlCacheBehavior [ RunTime:0.000754s ]
INFO: [ app_begin ] --END-- [ RunTime:0.000853s ]
NOTIC: [8192] mysql_connect(): The mysql extension is deprecated and will be removed in the future: use mysqli or PDO instead E:\nkp\wamp64\www\ThinkPHP\Library\Think\Db\Driver\Mysql.class.php 第 52 行.
SQL: SHOW COLUMNS FROM `tp_user` [ RunTime:0.000599s ]
SQL: SELECT * FROM `tp_user` WHERE `uToken` = '7e92ef35f719edf7143d79d767455689' ORDER BY uToken LIMIT 1   [ RunTime:0.000212s ]
SQL: SHOW COLUMNS FROM `tp_project_list` [ RunTime:0.000485s ]
SQL: SELECT * FROM `tp_project_list` WHERE `uId` = 9 ORDER BY uJoinTime desc  [ RunTime:0.000216s ]
INFO: [ app_end ] --START--
INFO: Run Behavior\ShowPageTraceBehavior [ RunTime:0.000816s ]
INFO: [ app_end ] --END-- [ RunTime:0.000906s ]

[ 2019-07-04T14:22:52+08:00 ] ::1 /Home/NewsApi/receiveNews
INFO: [ app_init ] --START--
INFO: Run Behavior\BuildLiteBehavior [ RunTime:0.000018s ]
INFO: [ app_init ] --END-- [ RunTime:0.000370s ]
INFO: [ app_begin ] --START--
INFO: Run Behavior\ReadHtmlCacheBehavior [ RunTime:0.000746s ]
INFO: [ app_begin ] --END-- [ RunTime:0.000858s ]
NOTIC: [8192] mysql_connect(): The mysql extension is deprecated and will be removed in the future: use mysqli or PDO instead E:\nkp\wamp64\www\ThinkPHP\Library\Think\Db\Driver\Mysql.class.php 第 52 行.
SQL: SHOW COLUMNS FROM `tp_user` [ RunTime:0.000653s ]
SQL: SELECT * FROM `tp_user` WHERE `uToken` = '7e92ef35f719edf7143d79d767455689' ORDER BY uToken LIMIT 1   [ RunTime:0.000242s ]
SQL: select a.id,a.sendId,a.receiveId,a.content,a.isRead,a.time,b.uId,b.uName,b.uImgSrc from tp_news_list as a left join tp_user as b on a.sendId=b.uId where a.receiveId=9 order by a.time desc [ RunTime:0.000434s ]
INFO: [ app_end ] --START--
INFO: Run Behavior\ShowPageTraceBehavior [ RunTime:0.016747s ]
INFO: [ app_end ] --END-- [ RunTime:0.016838s ]

[ 2019-07-04T14:22:53+08:00 ] ::1 /Home/NewsApi/receiveNews
INFO: [ app_init ] --START--
INFO: Run Behavior\BuildLiteBehavior [ RunTime:0.000017s ]
INFO: [ app_init ] --END-- [ RunTime:0.000377s ]
INFO: [ app_begin ] --START--
INFO: Run Behavior\ReadHtmlCacheBehavior [ RunTime:0.000864s ]
INFO: [ app_begin ] --END-- [ RunTime:0.000955s ]
NOTIC: [8192] mysql_connect(): The mysql extension is deprecated and will be removed in the future: use mysqli or PDO instead E:\nkp\wamp64\www\ThinkPHP\Library\Think\Db\Driver\Mysql.class.php 第 52 行.
SQL: SHOW COLUMNS FROM `tp_user` [ RunTime:0.000518s ]
SQL: SELECT * FROM `tp_user` WHERE `uToken` = '7e92ef35f719edf7143d79d767455689' ORDER BY uToken LIMIT 1   [ RunTime:0.000223s ]
SQL: select a.id,a.sendId,a.receiveId,a.content,a.isRead,a.time,b.uId,b.uName,b.uImgSrc from tp_news_list as a left join tp_user as b on a.sendId=b.uId where a.receiveId=9 order by a.time desc [ RunTime:0.000411s ]
INFO: [ app_end ] --START--
INFO: Run Behavior\ShowPageTraceBehavior [ RunTime:0.000887s ]
INFO: [ app_end ] --END-- [ RunTime:0.000974s ]

[ 2019-07-04T14:22:53+08:00 ] ::1 /Home/ProjectApi/getMyProjects
INFO: [ app_init ] --START--
INFO: Run Behavior\BuildLiteBehavior [ RunTime:0.000018s ]
INFO: [ app_init ] --END-- [ RunTime:0.000370s ]
INFO: [ app_begin ] --START--
INFO: Run Behavior\ReadHtmlCacheBehavior [ RunTime:0.000771s ]
INFO: [ app_begin ] --END-- [ RunTime:0.000883s ]
NOTIC: [8192] mysql_connect(): The mysql extension is deprecated and will be removed in the future: use mysqli or PDO instead E:\nkp\wamp64\www\ThinkPHP\Library\Think\Db\Driver\Mysql.class.php 第 52 行.
SQL: SHOW COLUMNS FROM `tp_user` [ RunTime:0.000629s ]
SQL: SELECT * FROM `tp_user` WHERE `uToken` = '7e92ef35f719edf7143d79d767455689' ORDER BY uToken LIMIT 1   [ RunTime:0.000234s ]
SQL: SHOW COLUMNS FROM `tp_project_list` [ RunTime:0.000476s ]
SQL: SELECT * FROM `tp_project_list` WHERE `uId` = 9 ORDER BY uJoinTime desc  [ RunTime:0.000233s ]
INFO: [ app_end ] --START--
INFO: Run Behavior\ShowPageTraceBehavior [ RunTime:0.000985s ]
INFO: [ app_end ] --END-- [ RunTime:0.001084s ]

[ 2019-07-04T14:22:55+08:00 ] ::1 /Home/NewsApi/receiveNews
INFO: [ app_init ] --START--
INFO: Run Behavior\BuildLiteBehavior [ RunTime:0.000018s ]
INFO: [ app_init ] --END-- [ RunTime:0.000375s ]
INFO: [ app_begin ] --START--
INFO: Run Behavior\ReadHtmlCacheBehavior [ RunTime:0.000832s ]
INFO: [ app_begin ] --END-- [ RunTime:0.000945s ]
NOTIC: [8192] mysql_connect(): The mysql extension is deprecated and will be removed in the future: use mysqli or PDO instead E:\nkp\wamp64\www\ThinkPHP\Library\Think\Db\Driver\Mysql.class.php 第 52 行.
SQL: SHOW COLUMNS FROM `tp_user` [ RunTime:0.000632s ]
SQL: SELECT * FROM `tp_user` WHERE `uToken` = '7e92ef35f719edf7143d79d767455689' ORDER BY uToken LIMIT 1   [ RunTime:0.000240s ]
SQL: select a.id,a.sendId,a.receiveId,a.content,a.isRead,a.time,b.uId,b.uName,b.uImgSrc from tp_news_list as a left join tp_user as b on a.sendId=b.uId where a.receiveId=9 order by a.time desc [ RunTime:0.000425s ]
INFO: [ app_end ] --START--
INFO: Run Behavior\ShowPageTraceBehavior [ RunTime:0.000813s ]
INFO: [ app_end ] --END-- [ RunTime:0.000903s ]

[ 2019-07-04T14:28:56+08:00 ] ::1 /Home/ProjectApi/getMyProjects
INFO: [ app_init ] --START--
INFO: Run Behavior\BuildLiteBehavior [ RunTime:0.000017s ]
INFO: [ app_init ] --END-- [ RunTime:0.000381s ]
INFO: [ app_begin ] --START--
INFO: Run Behavior\ReadHtmlCacheBehavior [ RunTime:0.000731s ]
INFO: [ app_begin ] --END-- [ RunTime:0.000826s ]
NOTIC: [8192] mysql_connect(): The mysql extension is deprecated and will be removed in the future: use mysqli or PDO instead E:\nkp\wamp64\www\ThinkPHP\Library\Think\Db\Driver\Mysql.class.php 第 52 行.
SQL: SHOW COLUMNS FROM `tp_user` [ RunTime:0.000554s ]
SQL: SELECT * FROM `tp_user` WHERE `uToken` = '7e92ef35f719edf7143d79d767455689' ORDER BY uToken LIMIT 1   [ RunTime:0.000244s ]
SQL: SHOW COLUMNS FROM `tp_project_list` [ RunTime:0.000357s ]
SQL: SELECT * FROM `tp_project_list` WHERE `uId` = 9 ORDER BY uJoinTime desc  [ RunTime:0.000233s ]
INFO: [ app_end ] --START--
INFO: Run Behavior\ShowPageTraceBehavior [ RunTime:0.000789s ]
INFO: [ app_end ] --END-- [ RunTime:0.000881s ]

[ 2019-07-04T14:28:56+08:00 ] ::1 /Home/NewsApi/receiveNews
INFO: [ app_init ] --START--
INFO: Run Behavior\BuildLiteBehavior [ RunTime:0.000018s ]
INFO: [ app_init ] --END-- [ RunTime:0.000363s ]
INFO: [ app_begin ] --START--
INFO: Run Behavior\ReadHtmlCacheBehavior [ RunTime:0.000723s ]
INFO: [ app_begin ] --END-- [ RunTime:0.000815s ]
NOTIC: [8192] mysql_connect(): The mysql extension is deprecated and will be removed in the future: use mysqli or PDO instead E:\nkp\wamp64\www\ThinkPHP\Library\Think\Db\Driver\Mysql.class.php 第 52 行.
SQL: SHOW COLUMNS FROM `tp_user` [ RunTime:0.000628s ]
SQL: SELECT * FROM `tp_user` WHERE `uToken` = '7e92ef35f719edf7143d79d767455689' ORDER BY uToken LIMIT 1   [ RunTime:0.000239s ]
SQL: select a.id,a.sendId,a.receiveId,a.content,a.isRead,a.time,b.uId,b.uName,b.uImgSrc from tp_news_list as a left join tp_user as b on a.sendId=b.uId where a.receiveId=9 order by a.time desc [ RunTime:0.000433s ]
INFO: [ app_end ] --START--
INFO: Run Behavior\ShowPageTraceBehavior [ RunTime:0.000798s ]
INFO: [ app_end ] --END-- [ RunTime:0.000879s ]

[ 2019-07-04T14:28:56+08:00 ] ::1 /Home/NewsApi/receiveNews
INFO: [ app_init ] --START--
INFO: Run Behavior\BuildLiteBehavior [ RunTime:0.000017s ]
INFO: [ app_init ] --END-- [ RunTime:0.000432s ]
INFO: [ app_begin ] --START--
INFO: Run Behavior\ReadHtmlCacheBehavior [ RunTime:0.000720s ]
INFO: [ app_begin ] --END-- [ RunTime:0.000814s ]
NOTIC: [8192] mysql_connect(): The mysql extension is deprecated and will be removed in the future: use mysqli or PDO instead E:\nkp\wamp64\www\ThinkPHP\Library\Think\Db\Driver\Mysql.class.php 第 52 行.
SQL: SHOW COLUMNS FROM `tp_user` [ RunTime:0.000537s ]
SQL: SELECT * FROM `tp_user` WHERE `uToken` = '7e92ef35f719edf7143d79d767455689' ORDER BY uToken LIMIT 1   [ RunTime:0.000221s ]
SQL: select a.id,a.sendId,a.receiveId,a.content,a.isRead,a.time,b.uId,b.uName,b.uImgSrc from tp_news_list as a left join tp_user as b on a.sendId=b.uId where a.receiveId=9 order by a.time desc [ RunTime:0.000300s ]
INFO: [ app_end ] --START--
INFO: Run Behavior\ShowPageTraceBehavior [ RunTime:0.001271s ]
INFO: [ app_end ] --END-- [ RunTime:0.001371s ]

[ 2019-07-04T14:28:56+08:00 ] ::1 /Home/ProjectApi/getProjectDetail
INFO: [ app_init ] --START--
INFO: Run Behavior\BuildLiteBehavior [ RunTime:0.000018s ]
INFO: [ app_init ] --END-- [ RunTime:0.000375s ]
INFO: [ app_begin ] --START--
INFO: Run Behavior\ReadHtmlCacheBehavior [ RunTime:0.000732s ]
INFO: [ app_begin ] --END-- [ RunTime:0.000818s ]
NOTIC: [8192] mysql_connect(): The mysql extension is deprecated and will be removed in the future: use mysqli or PDO instead E:\nkp\wamp64\www\ThinkPHP\Library\Think\Db\Driver\Mysql.class.php 第 52 行.
SQL: SHOW COLUMNS FROM `tp_user` [ RunTime:0.000412s ]
SQL: SELECT * FROM `tp_user` WHERE `uToken` = '7e92ef35f719edf7143d79d767455689' ORDER BY uToken LIMIT 1   [ RunTime:0.000191s ]
SQL: SHOW COLUMNS FROM `tp_project_info` [ RunTime:0.000539s ]
SQL: SELECT * FROM `tp_project_info` WHERE `pId` = 13 ORDER BY pId LIMIT 1   [ RunTime:0.000218s ]
SQL: SELECT * FROM `tp_user` WHERE `uId` = 9 ORDER BY uId LIMIT 1   [ RunTime:0.000234s ]
SQL: SHOW COLUMNS FROM `tp_project_list` [ RunTime:0.000414s ]
SQL: SELECT * FROM `tp_project_list` WHERE `pId` = 13 AND `uId` = 9 ORDER BY pId LIMIT 1   [ RunTime:0.000205s ]
INFO: [ app_end ] --START--
INFO: Run Behavior\ShowPageTraceBehavior [ RunTime:0.002008s ]
INFO: [ app_end ] --END-- [ RunTime:0.002097s ]

[ 2019-07-04T14:28:56+08:00 ] ::1 /Home/ProjectApi/getProjectMembers
INFO: [ app_init ] --START--
INFO: Run Behavior\BuildLiteBehavior [ RunTime:0.000017s ]
INFO: [ app_init ] --END-- [ RunTime:0.000354s ]
INFO: [ app_begin ] --START--
INFO: Run Behavior\ReadHtmlCacheBehavior [ RunTime:0.000705s ]
INFO: [ app_begin ] --END-- [ RunTime:0.000798s ]
NOTIC: [8192] mysql_connect(): The mysql extension is deprecated and will be removed in the future: use mysqli or PDO instead E:\nkp\wamp64\www\ThinkPHP\Library\Think\Db\Driver\Mysql.class.php 第 52 行.
SQL: SHOW COLUMNS FROM `tp_user` [ RunTime:0.000515s ]
SQL: SELECT * FROM `tp_user` WHERE `uToken` = '7e92ef35f719edf7143d79d767455689' ORDER BY uToken LIMIT 1   [ RunTime:0.000232s ]
SQL: SHOW COLUMNS FROM `tp_project_info` [ RunTime:0.000557s ]
SQL: SELECT * FROM `tp_project_info` WHERE `pId` = 13 AND `uId` = 9 ORDER BY pId LIMIT 1   [ RunTime:0.000224s ]
SQL: SHOW COLUMNS FROM `tp_project_list` [ RunTime:0.000472s ]
SQL: SELECT * FROM `tp_project_list` WHERE `pId` = 13 ORDER BY uJoinTime  [ RunTime:0.000214s ]
INFO: [ app_end ] --START--
INFO: Run Behavior\ShowPageTraceBehavior [ RunTime:0.000813s ]
INFO: [ app_end ] --END-- [ RunTime:0.000894s ]

[ 2019-07-04T14:33:57+08:00 ] ::1 /Home/NewsApi/receiveNews
INFO: [ app_init ] --START--
INFO: Run Behavior\BuildLiteBehavior [ RunTime:0.000020s ]
INFO: [ app_init ] --END-- [ RunTime:0.000889s ]
INFO: [ app_begin ] --START--
INFO: Run Behavior\ReadHtmlCacheBehavior [ RunTime:0.000785s ]
INFO: [ app_begin ] --END-- [ RunTime:0.000898s ]
NOTIC: [8192] mysql_connect(): The mysql extension is deprecated and will be removed in the future: use mysqli or PDO instead E:\nkp\wamp64\www\ThinkPHP\Library\Think\Db\Driver\Mysql.class.php 第 52 行.
SQL: SHOW COLUMNS FROM `tp_user` [ RunTime:0.000512s ]
SQL: SELECT * FROM `tp_user` WHERE `uToken` = '7e92ef35f719edf7143d79d767455689' ORDER BY uToken LIMIT 1   [ RunTime:0.000217s ]
SQL: select a.id,a.sendId,a.receiveId,a.content,a.isRead,a.time,b.uId,b.uName,b.uImgSrc from tp_news_list as a left join tp_user as b on a.sendId=b.uId where a.receiveId=9 order by a.time desc [ RunTime:0.000246s ]
INFO: [ app_end ] --START--
INFO: Run Behavior\ShowPageTraceBehavior [ RunTime:0.000833s ]
INFO: [ app_end ] --END-- [ RunTime:0.000928s ]

[ 2019-07-04T14:33:57+08:00 ] ::1 /Home/ProjectApi/getMyProjects
INFO: [ app_init ] --START--
INFO: Run Behavior\BuildLiteBehavior [ RunTime:0.000019s ]
INFO: [ app_init ] --END-- [ RunTime:0.000418s ]
INFO: [ app_begin ] --START--
INFO: Run Behavior\ReadHtmlCacheBehavior [ RunTime:0.000775s ]
INFO: [ app_begin ] --END-- [ RunTime:0.000867s ]
NOTIC: [8192] mysql_connect(): The mysql extension is deprecated and will be removed in the future: use mysqli or PDO instead E:\nkp\wamp64\www\ThinkPHP\Library\Think\Db\Driver\Mysql.class.php 第 52 行.
SQL: SHOW COLUMNS FROM `tp_user` [ RunTime:0.000431s ]
SQL: SELECT * FROM `tp_user` WHERE `uToken` = '7e92ef35f719edf7143d79d767455689' ORDER BY uToken LIMIT 1   [ RunTime:0.000170s ]
SQL: SHOW COLUMNS FROM `tp_project_list` [ RunTime:0.000307s ]
SQL: SELECT * FROM `tp_project_list` WHERE `uId` = 9 AND `isCreater` = 1 ORDER BY uJoinTime desc  [ RunTime:0.000184s ]
INFO: [ app_end ] --START--
INFO: Run Behavior\ShowPageTraceBehavior [ RunTime:0.006832s ]
INFO: [ app_end ] --END-- [ RunTime:0.006927s ]

[ 2019-07-04T14:33:58+08:00 ] ::1 /Home/NewsApi/receiveNews
INFO: [ app_init ] --START--
INFO: Run Behavior\BuildLiteBehavior [ RunTime:0.000020s ]
INFO: [ app_init ] --END-- [ RunTime:0.000412s ]
INFO: [ app_begin ] --START--
INFO: Run Behavior\ReadHtmlCacheBehavior [ RunTime:0.000789s ]
INFO: [ app_begin ] --END-- [ RunTime:0.000891s ]
NOTIC: [8192] mysql_connect(): The mysql extension is deprecated and will be removed in the future: use mysqli or PDO instead E:\nkp\wamp64\www\ThinkPHP\Library\Think\Db\Driver\Mysql.class.php 第 52 行.
SQL: SHOW COLUMNS FROM `tp_user` [ RunTime:0.000442s ]
SQL: SELECT * FROM `tp_user` WHERE `uToken` = '7e92ef35f719edf7143d79d767455689' ORDER BY uToken LIMIT 1   [ RunTime:0.000220s ]
SQL: select a.id,a.sendId,a.receiveId,a.content,a.isRead,a.time,b.uId,b.uName,b.uImgSrc from tp_news_list as a left join tp_user as b on a.sendId=b.uId where a.receiveId=9 order by a.time desc [ RunTime:0.000525s ]
INFO: [ app_end ] --START--
INFO: Run Behavior\ShowPageTraceBehavior [ RunTime:0.001008s ]
INFO: [ app_end ] --END-- [ RunTime:0.001116s ]

[ 2019-07-04T14:33:58+08:00 ] ::1 /Home/ProjectApi/getProjectDetail
INFO: [ app_init ] --START--
INFO: Run Behavior\BuildLiteBehavior [ RunTime:0.000020s ]
INFO: [ app_init ] --END-- [ RunTime:0.000463s ]
INFO: [ app_begin ] --START--
INFO: Run Behavior\ReadHtmlCacheBehavior [ RunTime:0.000786s ]
INFO: [ app_begin ] --END-- [ RunTime:0.000875s ]
NOTIC: [8192] mysql_connect(): The mysql extension is deprecated and will be removed in the future: use mysqli or PDO instead E:\nkp\wamp64\www\ThinkPHP\Library\Think\Db\Driver\Mysql.class.php 第 52 行.
SQL: SHOW COLUMNS FROM `tp_user` [ RunTime:0.000460s ]
SQL: SELECT * FROM `tp_user` WHERE `uToken` = '7e92ef35f719edf7143d79d767455689' ORDER BY uToken LIMIT 1   [ RunTime:0.000295s ]
SQL: SHOW COLUMNS FROM `tp_project_info` [ RunTime:0.000493s ]
SQL: SELECT * FROM `tp_project_info` WHERE `pId` = 14 ORDER BY pId LIMIT 1   [ RunTime:0.000227s ]
SQL: SELECT * FROM `tp_user` WHERE `uId` = 9 ORDER BY uId LIMIT 1   [ RunTime:0.000171s ]
SQL: SHOW COLUMNS FROM `tp_project_list` [ RunTime:0.000368s ]
SQL: SELECT * FROM `tp_project_list` WHERE `pId` = 14 AND `uId` = 9 ORDER BY pId LIMIT 1   [ RunTime:0.000197s ]
INFO: [ app_end ] --START--
INFO: Run Behavior\ShowPageTraceBehavior [ RunTime:0.000879s ]
INFO: [ app_end ] --END-- [ RunTime:0.000969s ]

[ 2019-07-04T14:33:58+08:00 ] ::1 /Home/ProjectApi/getProjectMembers
INFO: [ app_init ] --START--
INFO: Run Behavior\BuildLiteBehavior [ RunTime:0.000020s ]
INFO: [ app_init ] --END-- [ RunTime:0.000446s ]
INFO: [ app_begin ] --START--
INFO: Run Behavior\ReadHtmlCacheBehavior [ RunTime:0.000752s ]
INFO: [ app_begin ] --END-- [ RunTime:0.000849s ]
NOTIC: [8192] mysql_connect(): The mysql extension is deprecated and will be removed in the future: use mysqli or PDO instead E:\nkp\wamp64\www\ThinkPHP\Library\Think\Db\Driver\Mysql.class.php 第 52 行.
SQL: SHOW COLUMNS FROM `tp_user` [ RunTime:0.000386s ]
SQL: SELECT * FROM `tp_user` WHERE `uToken` = '7e92ef35f719edf7143d79d767455689' ORDER BY uToken LIMIT 1   [ RunTime:0.000178s ]
SQL: SHOW COLUMNS FROM `tp_project_info` [ RunTime:0.000374s ]
SQL: SELECT * FROM `tp_project_info` WHERE `pId` = 14 AND `uId` = 9 ORDER BY pId LIMIT 1   [ RunTime:0.000169s ]
SQL: SHOW COLUMNS FROM `tp_project_list` [ RunTime:0.000478s ]
SQL: SELECT * FROM `tp_project_list` WHERE `pId` = 14 ORDER BY uJoinTime  [ RunTime:0.000168s ]
INFO: [ app_end ] --START--
INFO: Run Behavior\ShowPageTraceBehavior [ RunTime:0.000858s ]
INFO: [ app_end ] --END-- [ RunTime:0.000942s ]

