[ 2019-05-08T17:30:15+08:00 ] ::1 /Home/RegApi/checkNameRepeat?name=123
INFO: [ app_init ] --START--
INFO: Run Behavior\BuildLiteBehavior [ RunTime:0.000018s ]
INFO: [ app_init ] --END-- [ RunTime:0.000384s ]
INFO: [ app_begin ] --START--
INFO: Run Behavior\ReadHtmlCacheBehavior [ RunTime:0.000490s ]
INFO: [ app_begin ] --END-- [ RunTime:0.000581s ]
NOTIC: [8] Undefined index: name E:\nkp\wamp64\www\Application\Home\Controller\RegApiController.class.php 第 35 行.
NOTIC: [8192] mysql_connect(): The mysql extension is deprecated and will be removed in the future: use mysqli or PDO instead E:\nkp\wamp64\www\ThinkPHP\Library\Think\Db\Driver\Mysql.class.php 第 52 行.
SQL: SHOW COLUMNS FROM `tp_user` [ RunTime:0.000715s ]
SQL: SELECT `uId` FROM `tp_user` WHERE `uName` = null ORDER BY uId LIMIT 1   [ RunTime:0.000193s ]
INFO: [ app_end ] --START--
INFO: Run Behavior\ShowPageTraceBehavior [ RunTime:0.000539s ]
INFO: [ app_end ] --END-- [ RunTime:0.000628s ]

[ 2019-05-08T17:30:23+08:00 ] ::1 /Home/RegApi/checkNameRepeat?name=123
INFO: [ app_init ] --START--
INFO: Run Behavior\BuildLiteBehavior [ RunTime:0.000021s ]
INFO: [ app_init ] --END-- [ RunTime:0.000356s ]
INFO: [ app_begin ] --START--
INFO: Run Behavior\ReadHtmlCacheBehavior [ RunTime:0.000336s ]
INFO: [ app_begin ] --END-- [ RunTime:0.000440s ]
NOTIC: [8] Undefined index: name E:\nkp\wamp64\www\Application\Home\Controller\RegApiController.class.php 第 35 行.
NOTIC: [8192] mysql_connect(): The mysql extension is deprecated and will be removed in the future: use mysqli or PDO instead E:\nkp\wamp64\www\ThinkPHP\Library\Think\Db\Driver\Mysql.class.php 第 52 行.
SQL: SHOW COLUMNS FROM `tp_user` [ RunTime:0.000617s ]
SQL: SELECT `uId` FROM `tp_user` WHERE `uName` = null ORDER BY uId LIMIT 1   [ RunTime:0.000177s ]
INFO: [ app_end ] --START--
INFO: Run Behavior\ShowPageTraceBehavior [ RunTime:0.000404s ]
INFO: [ app_end ] --END-- [ RunTime:0.000494s ]

[ 2019-05-08T17:30:30+08:00 ] ::1 /Home/RegApi/checkEmailRepeat?email=gggg
INFO: [ app_init ] --START--
INFO: Run Behavior\BuildLiteBehavior [ RunTime:0.000018s ]
INFO: [ app_init ] --END-- [ RunTime:0.000387s ]
INFO: [ app_begin ] --START--
INFO: Run Behavior\ReadHtmlCacheBehavior [ RunTime:0.000730s ]
INFO: [ app_begin ] --END-- [ RunTime:0.000853s ]
NOTIC: [8] Undefined index: email E:\nkp\wamp64\www\Application\Home\Controller\RegApiController.class.php 第 19 行.
NOTIC: [8192] mysql_connect(): The mysql extension is deprecated and will be removed in the future: use mysqli or PDO instead E:\nkp\wamp64\www\ThinkPHP\Library\Think\Db\Driver\Mysql.class.php 第 52 行.
SQL: SHOW COLUMNS FROM `tp_user` [ RunTime:0.000553s ]
SQL: SELECT `uId` FROM `tp_user` WHERE `uEmail` = null ORDER BY uId LIMIT 1   [ RunTime:0.000169s ]
INFO: [ app_end ] --START--
INFO: Run Behavior\ShowPageTraceBehavior [ RunTime:0.003229s ]
INFO: [ app_end ] --END-- [ RunTime:0.003314s ]

[ 2019-05-08T18:10:41+08:00 ] ::1 /Home/RegApi/checkEmailRepeat?email=gggg
INFO: [ app_init ] --START--
INFO: Run Behavior\BuildLiteBehavior [ RunTime:0.000024s ]
INFO: [ app_init ] --END-- [ RunTime:0.000686s ]
INFO: [ app_begin ] --START--
INFO: Run Behavior\ReadHtmlCacheBehavior [ RunTime:0.000970s ]
INFO: [ app_begin ] --END-- [ RunTime:0.001076s ]
NOTIC: [8] Undefined index: email E:\nkp\wamp64\www\Application\Home\Controller\RegApiController.class.php 第 19 行.
NOTIC: [8192] mysql_connect(): The mysql extension is deprecated and will be removed in the future: use mysqli or PDO instead E:\nkp\wamp64\www\ThinkPHP\Library\Think\Db\Driver\Mysql.class.php 第 52 行.
SQL: SHOW COLUMNS FROM `tp_user` [ RunTime:0.000696s ]
SQL: SELECT `uId` FROM `tp_user` WHERE `uEmail` = null ORDER BY uId LIMIT 1   [ RunTime:0.000165s ]
INFO: [ app_end ] --START--
INFO: Run Behavior\ShowPageTraceBehavior [ RunTime:0.001659s ]
INFO: [ app_end ] --END-- [ RunTime:0.001750s ]

[ 2019-05-08T18:11:15+08:00 ] ::1 /Home/RegApi/checkEmailRepeat?email=gggg
INFO: [ app_init ] --START--
INFO: Run Behavior\BuildLiteBehavior [ RunTime:0.000019s ]
INFO: [ app_init ] --END-- [ RunTime:0.001014s ]
INFO: [ app_begin ] --START--
INFO: Run Behavior\ReadHtmlCacheBehavior [ RunTime:0.000867s ]
INFO: [ app_begin ] --END-- [ RunTime:0.000971s ]
NOTIC: [8] Undefined index: email E:\nkp\wamp64\www\Application\Home\Controller\RegApiController.class.php 第 19 行.
NOTIC: [8192] mysql_connect(): The mysql extension is deprecated and will be removed in the future: use mysqli or PDO instead E:\nkp\wamp64\www\ThinkPHP\Library\Think\Db\Driver\Mysql.class.php 第 52 行.
SQL: SHOW COLUMNS FROM `tp_user` [ RunTime:0.000819s ]
SQL: SELECT `uId` FROM `tp_user` WHERE `uEmail` = null ORDER BY uId LIMIT 1   [ RunTime:0.000220s ]
INFO: [ app_end ] --START--
INFO: Run Behavior\ShowPageTraceBehavior [ RunTime:0.000949s ]
INFO: [ app_end ] --END-- [ RunTime:0.001043s ]

[ 2019-05-08T18:13:24+08:00 ] ::1 /Home/RegApi/checkEmailRepeat?email=dddd
INFO: [ app_init ] --START--
INFO: Run Behavior\BuildLiteBehavior [ RunTime:0.000021s ]
INFO: [ app_init ] --END-- [ RunTime:0.000803s ]
INFO: [ app_begin ] --START--
INFO: Run Behavior\ReadHtmlCacheBehavior [ RunTime:0.001008s ]
INFO: [ app_begin ] --END-- [ RunTime:0.001108s ]
NOTIC: [8] Undefined index: email E:\nkp\wamp64\www\Application\Home\Controller\RegApiController.class.php 第 19 行.
NOTIC: [8192] mysql_connect(): The mysql extension is deprecated and will be removed in the future: use mysqli or PDO instead E:\nkp\wamp64\www\ThinkPHP\Library\Think\Db\Driver\Mysql.class.php 第 52 行.
SQL: SHOW COLUMNS FROM `tp_user` [ RunTime:0.000713s ]
SQL: SELECT `uId` FROM `tp_user` WHERE `uEmail` = null ORDER BY uId LIMIT 1   [ RunTime:0.000188s ]
INFO: [ app_end ] --START--
INFO: Run Behavior\ShowPageTraceBehavior [ RunTime:0.001021s ]
INFO: [ app_end ] --END-- [ RunTime:0.001113s ]

[ 2019-05-08T18:16:26+08:00 ] ::1 /Home/RegApi/checkEmailRepeat?email=291371205%40qq.com
INFO: [ app_init ] --START--
INFO: Run Behavior\BuildLiteBehavior [ RunTime:0.000018s ]
INFO: [ app_init ] --END-- [ RunTime:0.000422s ]
INFO: [ app_begin ] --START--
INFO: Run Behavior\ReadHtmlCacheBehavior [ RunTime:0.000732s ]
INFO: [ app_begin ] --END-- [ RunTime:0.000827s ]
NOTIC: [8] Undefined index: email E:\nkp\wamp64\www\Application\Home\Controller\RegApiController.class.php 第 19 行.
NOTIC: [8192] mysql_connect(): The mysql extension is deprecated and will be removed in the future: use mysqli or PDO instead E:\nkp\wamp64\www\ThinkPHP\Library\Think\Db\Driver\Mysql.class.php 第 52 行.
SQL: SHOW COLUMNS FROM `tp_user` [ RunTime:0.000733s ]
SQL: SELECT `uId` FROM `tp_user` WHERE `uEmail` = null ORDER BY uId LIMIT 1   [ RunTime:0.000238s ]
INFO: [ app_end ] --START--
INFO: Run Behavior\ShowPageTraceBehavior [ RunTime:0.001133s ]
INFO: [ app_end ] --END-- [ RunTime:0.001245s ]

[ 2019-05-08T18:16:52+08:00 ] ::1 /Home/RegApi/checkEmailRepeat?email=291371205%40qq.com
INFO: [ app_init ] --START--
INFO: Run Behavior\BuildLiteBehavior [ RunTime:0.000018s ]
INFO: [ app_init ] --END-- [ RunTime:0.000383s ]
INFO: [ app_begin ] --START--
INFO: Run Behavior\ReadHtmlCacheBehavior [ RunTime:0.000744s ]
INFO: [ app_begin ] --END-- [ RunTime:0.000834s ]
NOTIC: [8] Undefined index: email E:\nkp\wamp64\www\Application\Home\Controller\RegApiController.class.php 第 19 行.
NOTIC: [8192] mysql_connect(): The mysql extension is deprecated and will be removed in the future: use mysqli or PDO instead E:\nkp\wamp64\www\ThinkPHP\Library\Think\Db\Driver\Mysql.class.php 第 52 行.
SQL: SHOW COLUMNS FROM `tp_user` [ RunTime:0.000685s ]
SQL: SELECT `uId` FROM `tp_user` WHERE `uEmail` = null ORDER BY uId LIMIT 1   [ RunTime:0.000190s ]
INFO: [ app_end ] --START--
INFO: Run Behavior\ShowPageTraceBehavior [ RunTime:0.005724s ]
INFO: [ app_end ] --END-- [ RunTime:0.005821s ]

[ 2019-05-08T18:17:49+08:00 ] ::1 /Home/RegApi/checkEmailRepeat?email=291371205%40qq.com
INFO: [ app_init ] --START--
INFO: Run Behavior\BuildLiteBehavior [ RunTime:0.000019s ]
INFO: [ app_init ] --END-- [ RunTime:0.000373s ]
INFO: [ app_begin ] --START--
INFO: Run Behavior\ReadHtmlCacheBehavior [ RunTime:0.000718s ]
INFO: [ app_begin ] --END-- [ RunTime:0.000806s ]
NOTIC: [8] Undefined index: email E:\nkp\wamp64\www\Application\Home\Controller\RegApiController.class.php 第 19 行.
NOTIC: [8192] mysql_connect(): The mysql extension is deprecated and will be removed in the future: use mysqli or PDO instead E:\nkp\wamp64\www\ThinkPHP\Library\Think\Db\Driver\Mysql.class.php 第 52 行.
SQL: SHOW COLUMNS FROM `tp_user` [ RunTime:0.000766s ]
SQL: SELECT `uId` FROM `tp_user` WHERE `uEmail` = null ORDER BY uId LIMIT 1   [ RunTime:0.000191s ]
INFO: [ app_end ] --START--
INFO: Run Behavior\ShowPageTraceBehavior [ RunTime:0.000838s ]
INFO: [ app_end ] --END-- [ RunTime:0.000923s ]

[ 2019-05-08T18:17:50+08:00 ] ::1 /Home/RegApi/sendCode?email=291371205%40qq.com
INFO: [ app_init ] --START--
INFO: Run Behavior\BuildLiteBehavior [ RunTime:0.000018s ]
INFO: [ app_init ] --END-- [ RunTime:0.000403s ]
INFO: [ app_begin ] --START--
INFO: Run Behavior\ReadHtmlCacheBehavior [ RunTime:0.001052s ]
INFO: [ app_begin ] --END-- [ RunTime:0.001149s ]
NOTIC: [8] Undefined index: email E:\nkp\wamp64\www\Application\Home\Controller\RegApiController.class.php 第 55 行.
NOTIC: [8192] mysql_connect(): The mysql extension is deprecated and will be removed in the future: use mysqli or PDO instead E:\nkp\wamp64\www\ThinkPHP\Library\Think\Db\Driver\Mysql.class.php 第 52 行.
SQL: SHOW COLUMNS FROM `tp_user` [ RunTime:0.000578s ]
SQL: SELECT `uId` FROM `tp_user` WHERE `uEmail` = null ORDER BY uId LIMIT 1   [ RunTime:0.000139s ]
INFO: [ app_end ] --START--
INFO: Run Behavior\ShowPageTraceBehavior [ RunTime:0.000850s ]
INFO: [ app_end ] --END-- [ RunTime:0.000934s ]

[ 2019-05-08T18:19:00+08:00 ] ::1 /Home/RegApi/sendCode?email=291371205%40qq.com
INFO: [ app_init ] --START--
INFO: Run Behavior\BuildLiteBehavior [ RunTime:0.000043s ]
INFO: [ app_init ] --END-- [ RunTime:0.000543s ]
INFO: [ app_begin ] --START--
INFO: Run Behavior\ReadHtmlCacheBehavior [ RunTime:0.007279s ]
INFO: [ app_begin ] --END-- [ RunTime:0.007392s ]
NOTIC: [8] Undefined index: email E:\nkp\wamp64\www\Application\Home\Controller\RegApiController.class.php 第 55 行.
NOTIC: [8192] mysql_connect(): The mysql extension is deprecated and will be removed in the future: use mysqli or PDO instead E:\nkp\wamp64\www\ThinkPHP\Library\Think\Db\Driver\Mysql.class.php 第 52 行.
SQL: SHOW COLUMNS FROM `tp_user` [ RunTime:0.000677s ]
SQL: SELECT `uId` FROM `tp_user` WHERE `uEmail` = null ORDER BY uId LIMIT 1   [ RunTime:0.000189s ]
INFO: [ app_end ] --START--
INFO: Run Behavior\ShowPageTraceBehavior [ RunTime:0.006076s ]
INFO: [ app_end ] --END-- [ RunTime:0.006173s ]

[ 2019-05-08T18:21:22+08:00 ] ::1 /Home/RegApi/checkEmailRepeat?email=291371205%40qq.com
INFO: [ app_init ] --START--
INFO: Run Behavior\BuildLiteBehavior [ RunTime:0.000019s ]
INFO: [ app_init ] --END-- [ RunTime:0.000442s ]
INFO: [ app_begin ] --START--
INFO: Run Behavior\ReadHtmlCacheBehavior [ RunTime:0.000661s ]
INFO: [ app_begin ] --END-- [ RunTime:0.000762s ]
NOTIC: [8] Undefined index: email E:\nkp\wamp64\www\Application\Home\Controller\RegApiController.class.php 第 19 行.
NOTIC: [8192] mysql_connect(): The mysql extension is deprecated and will be removed in the future: use mysqli or PDO instead E:\nkp\wamp64\www\ThinkPHP\Library\Think\Db\Driver\Mysql.class.php 第 52 行.
SQL: SHOW COLUMNS FROM `tp_user` [ RunTime:0.000574s ]
SQL: SELECT `uId` FROM `tp_user` WHERE `uEmail` = null ORDER BY uId LIMIT 1   [ RunTime:0.000210s ]
INFO: [ app_end ] --START--
INFO: Run Behavior\ShowPageTraceBehavior [ RunTime:0.000724s ]
INFO: [ app_end ] --END-- [ RunTime:0.000816s ]

[ 2019-05-08T18:21:27+08:00 ] ::1 /Home/RegApi/sendCode?email=291371205%40qq.com
INFO: [ app_init ] --START--
INFO: Run Behavior\BuildLiteBehavior [ RunTime:0.000019s ]
INFO: [ app_init ] --END-- [ RunTime:0.000409s ]
INFO: [ app_begin ] --START--
INFO: Run Behavior\ReadHtmlCacheBehavior [ RunTime:0.010385s ]
INFO: [ app_begin ] --END-- [ RunTime:0.010529s ]
NOTIC: [8] Undefined index: email E:\nkp\wamp64\www\Application\Home\Controller\RegApiController.class.php 第 55 行.
NOTIC: [8192] mysql_connect(): The mysql extension is deprecated and will be removed in the future: use mysqli or PDO instead E:\nkp\wamp64\www\ThinkPHP\Library\Think\Db\Driver\Mysql.class.php 第 52 行.
SQL: SHOW COLUMNS FROM `tp_user` [ RunTime:0.000642s ]
SQL: SELECT `uId` FROM `tp_user` WHERE `uEmail` = null ORDER BY uId LIMIT 1   [ RunTime:0.000180s ]
INFO: [ app_end ] --START--
INFO: Run Behavior\ShowPageTraceBehavior [ RunTime:0.000696s ]
INFO: [ app_end ] --END-- [ RunTime:0.000787s ]

[ 2019-05-08T18:22:03+08:00 ] ::1 /Home/RegApi/checkEmailRepeat?email=291371205%40qq.com
INFO: [ app_init ] --START--
INFO: Run Behavior\BuildLiteBehavior [ RunTime:0.000038s ]
INFO: [ app_init ] --END-- [ RunTime:0.000477s ]
INFO: [ app_begin ] --START--
INFO: Run Behavior\ReadHtmlCacheBehavior [ RunTime:0.000555s ]
INFO: [ app_begin ] --END-- [ RunTime:0.000657s ]
NOTIC: [8] Undefined index: email E:\nkp\wamp64\www\Application\Home\Controller\RegApiController.class.php 第 19 行.
NOTIC: [8192] mysql_connect(): The mysql extension is deprecated and will be removed in the future: use mysqli or PDO instead E:\nkp\wamp64\www\ThinkPHP\Library\Think\Db\Driver\Mysql.class.php 第 52 行.
SQL: SHOW COLUMNS FROM `tp_user` [ RunTime:0.000632s ]
SQL: SELECT `uId` FROM `tp_user` WHERE `uEmail` = null ORDER BY uId LIMIT 1   [ RunTime:0.000144s ]
INFO: [ app_end ] --START--
INFO: Run Behavior\ShowPageTraceBehavior [ RunTime:0.002133s ]
INFO: [ app_end ] --END-- [ RunTime:0.002222s ]

[ 2019-05-08T18:22:03+08:00 ] ::1 /Home/RegApi/sendCode?email=291371205%40qq.com
INFO: [ app_init ] --START--
INFO: Run Behavior\BuildLiteBehavior [ RunTime:0.000020s ]
INFO: [ app_init ] --END-- [ RunTime:0.000492s ]
INFO: [ app_begin ] --START--
INFO: Run Behavior\ReadHtmlCacheBehavior [ RunTime:0.000941s ]
INFO: [ app_begin ] --END-- [ RunTime:0.001035s ]
NOTIC: [8] Undefined index: email E:\nkp\wamp64\www\Application\Home\Controller\RegApiController.class.php 第 55 行.
NOTIC: [8192] mysql_connect(): The mysql extension is deprecated and will be removed in the future: use mysqli or PDO instead E:\nkp\wamp64\www\ThinkPHP\Library\Think\Db\Driver\Mysql.class.php 第 52 行.
SQL: SHOW COLUMNS FROM `tp_user` [ RunTime:0.000589s ]
SQL: SELECT `uId` FROM `tp_user` WHERE `uEmail` = null ORDER BY uId LIMIT 1   [ RunTime:0.000160s ]
INFO: [ app_end ] --START--
INFO: Run Behavior\ShowPageTraceBehavior [ RunTime:0.000916s ]
INFO: [ app_end ] --END-- [ RunTime:0.001008s ]

[ 2019-05-08T18:23:32+08:00 ] ::1 /Home/RegApi/ceshi
INFO: [ app_init ] --START--
INFO: Run Behavior\BuildLiteBehavior [ RunTime:0.000021s ]
INFO: [ app_init ] --END-- [ RunTime:0.000438s ]
INFO: [ app_begin ] --START--
INFO: Run Behavior\ReadHtmlCacheBehavior [ RunTime:0.000940s ]
INFO: [ app_begin ] --END-- [ RunTime:0.001057s ]
NOTIC: [8] Undefined variable: randCode E:\nkp\wamp64\www\Application\Home\Controller\RegApiController.class.php 第 53 行.

[ 2019-05-08T18:23:48+08:00 ] ::1 /Home/RegApi/ceshi
INFO: [ app_init ] --START--
INFO: Run Behavior\BuildLiteBehavior [ RunTime:0.000019s ]
INFO: [ app_init ] --END-- [ RunTime:0.000395s ]
INFO: [ app_begin ] --START--
INFO: Run Behavior\ReadHtmlCacheBehavior [ RunTime:0.000680s ]
INFO: [ app_begin ] --END-- [ RunTime:0.000870s ]
NOTIC: [8] Undefined variable: randCode E:\nkp\wamp64\www\Application\Home\Controller\RegApiController.class.php 第 53 行.

[ 2019-05-08T18:24:25+08:00 ] ::1 /Home/RegApi/ceshi
INFO: [ app_init ] --START--
INFO: Run Behavior\BuildLiteBehavior [ RunTime:0.000023s ]
INFO: [ app_init ] --END-- [ RunTime:0.004197s ]
INFO: [ app_begin ] --START--
INFO: Run Behavior\ReadHtmlCacheBehavior [ RunTime:0.000774s ]
INFO: [ app_begin ] --END-- [ RunTime:0.000869s ]

[ 2019-05-08T18:29:20+08:00 ] ::1 /Home/RegApi/ceshi
INFO: [ app_init ] --START--
INFO: Run Behavior\BuildLiteBehavior [ RunTime:0.000026s ]
INFO: [ app_init ] --END-- [ RunTime:0.000443s ]
INFO: [ app_begin ] --START--
INFO: Run Behavior\ReadHtmlCacheBehavior [ RunTime:0.000517s ]
INFO: [ app_begin ] --END-- [ RunTime:0.000614s ]

