[ 2019-07-11T11:57:33+08:00 ] 127.0.0.1 /
INFO: [ app_init ] --START--
INFO: Run Behavior\BuildLiteBehavior [ RunTime:0.000022s ]
INFO: [ app_init ] --END-- [ RunTime:0.000526s ]
INFO: [ app_begin ] --START--
INFO: Run Behavior\ReadHtmlCacheBehavior [ RunTime:0.000869s ]
INFO: [ app_begin ] --END-- [ RunTime:0.001011s ]
INFO: [ view_parse ] --START--
INFO: Run Behavior\ParseTemplateBehavior [ RunTime:0.000895s ]
INFO: [ view_parse ] --END-- [ RunTime:0.001004s ]
INFO: [ view_filter ] --START--
INFO: Run Behavior\WriteHtmlCacheBehavior [ RunTime:0.004248s ]
INFO: [ view_filter ] --END-- [ RunTime:0.004350s ]
INFO: [ app_end ] --START--
INFO: Run Behavior\ShowPageTraceBehavior [ RunTime:0.000881s ]
INFO: [ app_end ] --END-- [ RunTime:0.000973s ]

[ 2019-07-11T12:40:10+08:00 ] ::1 /Home/UserApi/getUserInfo
INFO: [ app_init ] --START--
INFO: Run Behavior\BuildLiteBehavior [ RunTime:0.000021s ]
INFO: [ app_init ] --END-- [ RunTime:0.000416s ]
INFO: [ app_begin ] --START--
INFO: Run Behavior\ReadHtmlCacheBehavior [ RunTime:0.000857s ]
INFO: [ app_begin ] --END-- [ RunTime:0.000976s ]
NOTIC: [8192] mysql_connect(): The mysql extension is deprecated and will be removed in the future: use mysqli or PDO instead E:\nkp\wamp64\www\ThinkPHP\Library\Think\Db\Driver\Mysql.class.php 第 52 行.
SQL: SHOW COLUMNS FROM `tp_user` [ RunTime:0.002055s ]
SQL: SELECT * FROM `tp_user` WHERE `uToken` = '8066b8ddba4bd2538febd6a0b39b9887' ORDER BY uToken LIMIT 1   [ RunTime:0.000394s ]
INFO: [ app_end ] --START--
INFO: Run Behavior\ShowPageTraceBehavior [ RunTime:0.000964s ]
INFO: [ app_end ] --END-- [ RunTime:0.001065s ]

[ 2019-07-11T12:40:11+08:00 ] ::1 /Home/NewsApi/receiveNews
INFO: [ app_init ] --START--
INFO: Run Behavior\BuildLiteBehavior [ RunTime:0.000019s ]
INFO: [ app_init ] --END-- [ RunTime:0.000423s ]
INFO: [ app_begin ] --START--
INFO: Run Behavior\ReadHtmlCacheBehavior [ RunTime:0.001004s ]
INFO: [ app_begin ] --END-- [ RunTime:0.001117s ]
NOTIC: [8192] mysql_connect(): The mysql extension is deprecated and will be removed in the future: use mysqli or PDO instead E:\nkp\wamp64\www\ThinkPHP\Library\Think\Db\Driver\Mysql.class.php 第 52 行.
SQL: SHOW COLUMNS FROM `tp_user` [ RunTime:0.001090s ]
SQL: SELECT * FROM `tp_user` WHERE `uToken` = '8066b8ddba4bd2538febd6a0b39b9887' ORDER BY uToken LIMIT 1   [ RunTime:0.000271s ]
SQL: select a.id,a.sendId,a.receiveId,a.content,a.isRead,a.time,b.uId,b.uName,b.uImgSrc from tp_news_list as a left join tp_user as b on a.sendId=b.uId where a.receiveId=10 order by a.time desc [ RunTime:0.000472s ]
INFO: [ app_end ] --START--
INFO: Run Behavior\ShowPageTraceBehavior [ RunTime:0.000881s ]
INFO: [ app_end ] --END-- [ RunTime:0.000975s ]

[ 2019-07-11T12:40:12+08:00 ] ::1 /Home/ProjectApi/getMyProjects
INFO: [ app_init ] --START--
INFO: Run Behavior\BuildLiteBehavior [ RunTime:0.000019s ]
INFO: [ app_init ] --END-- [ RunTime:0.000394s ]
INFO: [ app_begin ] --START--
INFO: Run Behavior\ReadHtmlCacheBehavior [ RunTime:0.001564s ]
INFO: [ app_begin ] --END-- [ RunTime:0.002259s ]
NOTIC: [8192] mysql_connect(): The mysql extension is deprecated and will be removed in the future: use mysqli or PDO instead E:\nkp\wamp64\www\ThinkPHP\Library\Think\Db\Driver\Mysql.class.php 第 52 行.
SQL: SHOW COLUMNS FROM `tp_user` [ RunTime:0.000934s ]
SQL: SELECT * FROM `tp_user` WHERE `uToken` = '8066b8ddba4bd2538febd6a0b39b9887' ORDER BY uToken LIMIT 1   [ RunTime:0.000254s ]
SQL: SHOW COLUMNS FROM `tp_project_list` [ RunTime:0.000487s ]
SQL: SELECT * FROM `tp_project_list` WHERE `uId` = 10 ORDER BY uJoinTime desc  [ RunTime:0.000290s ]
INFO: [ app_end ] --START--
INFO: Run Behavior\ShowPageTraceBehavior [ RunTime:0.000859s ]
INFO: [ app_end ] --END-- [ RunTime:0.000953s ]

[ 2019-07-11T12:40:12+08:00 ] ::1 /Home/NewsApi/receiveNews
INFO: [ app_init ] --START--
INFO: Run Behavior\BuildLiteBehavior [ RunTime:0.000018s ]
INFO: [ app_init ] --END-- [ RunTime:0.000396s ]
INFO: [ app_begin ] --START--
INFO: Run Behavior\ReadHtmlCacheBehavior [ RunTime:0.000775s ]
INFO: [ app_begin ] --END-- [ RunTime:0.000874s ]
NOTIC: [8192] mysql_connect(): The mysql extension is deprecated and will be removed in the future: use mysqli or PDO instead E:\nkp\wamp64\www\ThinkPHP\Library\Think\Db\Driver\Mysql.class.php 第 52 行.
SQL: SHOW COLUMNS FROM `tp_user` [ RunTime:0.000912s ]
SQL: SELECT * FROM `tp_user` WHERE `uToken` = '8066b8ddba4bd2538febd6a0b39b9887' ORDER BY uToken LIMIT 1   [ RunTime:0.000265s ]
SQL: select a.id,a.sendId,a.receiveId,a.content,a.isRead,a.time,b.uId,b.uName,b.uImgSrc from tp_news_list as a left join tp_user as b on a.sendId=b.uId where a.receiveId=10 order by a.time desc [ RunTime:0.000332s ]
INFO: [ app_end ] --START--
INFO: Run Behavior\ShowPageTraceBehavior [ RunTime:0.000846s ]
INFO: [ app_end ] --END-- [ RunTime:0.000935s ]

[ 2019-07-11T12:40:15+08:00 ] ::1 /Home/NewsApi/receiveNews
INFO: [ app_init ] --START--
INFO: Run Behavior\BuildLiteBehavior [ RunTime:0.000019s ]
INFO: [ app_init ] --END-- [ RunTime:0.000408s ]
INFO: [ app_begin ] --START--
INFO: Run Behavior\ReadHtmlCacheBehavior [ RunTime:0.001019s ]
INFO: [ app_begin ] --END-- [ RunTime:0.001122s ]
NOTIC: [8192] mysql_connect(): The mysql extension is deprecated and will be removed in the future: use mysqli or PDO instead E:\nkp\wamp64\www\ThinkPHP\Library\Think\Db\Driver\Mysql.class.php 第 52 行.
SQL: SHOW COLUMNS FROM `tp_user` [ RunTime:0.000622s ]
SQL: SELECT * FROM `tp_user` WHERE `uToken` = '8066b8ddba4bd2538febd6a0b39b9887' ORDER BY uToken LIMIT 1   [ RunTime:0.000254s ]
SQL: select a.id,a.sendId,a.receiveId,a.content,a.isRead,a.time,b.uId,b.uName,b.uImgSrc from tp_news_list as a left join tp_user as b on a.sendId=b.uId where a.receiveId=10 order by a.time desc [ RunTime:0.000430s ]
INFO: [ app_end ] --START--
INFO: Run Behavior\ShowPageTraceBehavior [ RunTime:0.000813s ]
INFO: [ app_end ] --END-- [ RunTime:0.000905s ]

[ 2019-07-11T12:40:15+08:00 ] ::1 /Home/ProjectApi/getProjectDetail
INFO: [ app_init ] --START--
INFO: Run Behavior\BuildLiteBehavior [ RunTime:0.000021s ]
INFO: [ app_init ] --END-- [ RunTime:0.000420s ]
INFO: [ app_begin ] --START--
INFO: Run Behavior\ReadHtmlCacheBehavior [ RunTime:0.000747s ]
INFO: [ app_begin ] --END-- [ RunTime:0.000840s ]
NOTIC: [8192] mysql_connect(): The mysql extension is deprecated and will be removed in the future: use mysqli or PDO instead E:\nkp\wamp64\www\ThinkPHP\Library\Think\Db\Driver\Mysql.class.php 第 52 行.
SQL: SHOW COLUMNS FROM `tp_user` [ RunTime:0.000582s ]
SQL: SELECT * FROM `tp_user` WHERE `uToken` = '8066b8ddba4bd2538febd6a0b39b9887' ORDER BY uToken LIMIT 1   [ RunTime:0.000249s ]
SQL: SHOW COLUMNS FROM `tp_project_info` [ RunTime:0.000568s ]
SQL: SELECT * FROM `tp_project_info` WHERE `pId` = 13 ORDER BY pId LIMIT 1   [ RunTime:0.000275s ]
SQL: SELECT * FROM `tp_user` WHERE `uId` = 9 ORDER BY uId LIMIT 1   [ RunTime:0.000196s ]
SQL: SHOW COLUMNS FROM `tp_project_list` [ RunTime:0.000411s ]
SQL: SELECT * FROM `tp_project_list` WHERE `pId` = 13 AND `uId` = 10 ORDER BY pId LIMIT 1   [ RunTime:0.000235s ]
INFO: [ app_end ] --START--
INFO: Run Behavior\ShowPageTraceBehavior [ RunTime:0.000873s ]
INFO: [ app_end ] --END-- [ RunTime:0.000963s ]

[ 2019-07-11T12:40:18+08:00 ] ::1 /Home/NewsApi/receiveNews
INFO: [ app_init ] --START--
INFO: Run Behavior\BuildLiteBehavior [ RunTime:0.000018s ]
INFO: [ app_init ] --END-- [ RunTime:0.000375s ]
INFO: [ app_begin ] --START--
INFO: Run Behavior\ReadHtmlCacheBehavior [ RunTime:0.000739s ]
INFO: [ app_begin ] --END-- [ RunTime:0.000833s ]
NOTIC: [8192] mysql_connect(): The mysql extension is deprecated and will be removed in the future: use mysqli or PDO instead E:\nkp\wamp64\www\ThinkPHP\Library\Think\Db\Driver\Mysql.class.php 第 52 行.
SQL: SHOW COLUMNS FROM `tp_user` [ RunTime:0.000657s ]
SQL: SELECT * FROM `tp_user` WHERE `uToken` = '8066b8ddba4bd2538febd6a0b39b9887' ORDER BY uToken LIMIT 1   [ RunTime:0.000243s ]
SQL: select a.id,a.sendId,a.receiveId,a.content,a.isRead,a.time,b.uId,b.uName,b.uImgSrc from tp_news_list as a left join tp_user as b on a.sendId=b.uId where a.receiveId=10 order by a.time desc [ RunTime:0.000334s ]
INFO: [ app_end ] --START--
INFO: Run Behavior\ShowPageTraceBehavior [ RunTime:0.000843s ]
INFO: [ app_end ] --END-- [ RunTime:0.000932s ]

[ 2019-07-11T12:40:18+08:00 ] ::1 /Home/DataApi/getNextData
INFO: [ app_init ] --START--
INFO: Run Behavior\BuildLiteBehavior [ RunTime:0.000017s ]
INFO: [ app_init ] --END-- [ RunTime:0.000371s ]
INFO: [ app_begin ] --START--
INFO: Run Behavior\ReadHtmlCacheBehavior [ RunTime:0.000725s ]
INFO: [ app_begin ] --END-- [ RunTime:0.000824s ]
NOTIC: [8192] mysql_connect(): The mysql extension is deprecated and will be removed in the future: use mysqli or PDO instead E:\nkp\wamp64\www\ThinkPHP\Library\Think\Db\Driver\Mysql.class.php 第 52 行.
SQL: SHOW COLUMNS FROM `tp_user` [ RunTime:0.000488s ]
SQL: SELECT * FROM `tp_user` WHERE `uToken` = '8066b8ddba4bd2538febd6a0b39b9887' ORDER BY uToken LIMIT 1   [ RunTime:0.000236s ]
SQL: SHOW COLUMNS FROM `tp_project_list` [ RunTime:0.000449s ]
SQL: SELECT * FROM `tp_project_list` WHERE `pId` = 13 AND `uId` = 10 ORDER BY pId LIMIT 1   [ RunTime:0.000214s ]

[ 2019-07-11T12:40:24+08:00 ] ::1 /Home/NewsApi/receiveNews
INFO: [ app_init ] --START--
INFO: Run Behavior\BuildLiteBehavior [ RunTime:0.000019s ]
INFO: [ app_init ] --END-- [ RunTime:0.001172s ]
INFO: [ app_begin ] --START--
INFO: Run Behavior\ReadHtmlCacheBehavior [ RunTime:0.000730s ]
INFO: [ app_begin ] --END-- [ RunTime:0.000836s ]
NOTIC: [8192] mysql_connect(): The mysql extension is deprecated and will be removed in the future: use mysqli or PDO instead E:\nkp\wamp64\www\ThinkPHP\Library\Think\Db\Driver\Mysql.class.php 第 52 行.
SQL: SHOW COLUMNS FROM `tp_user` [ RunTime:0.000488s ]
SQL: SELECT * FROM `tp_user` WHERE `uToken` = '8066b8ddba4bd2538febd6a0b39b9887' ORDER BY uToken LIMIT 1   [ RunTime:0.000190s ]
SQL: select a.id,a.sendId,a.receiveId,a.content,a.isRead,a.time,b.uId,b.uName,b.uImgSrc from tp_news_list as a left join tp_user as b on a.sendId=b.uId where a.receiveId=10 order by a.time desc [ RunTime:0.000409s ]
INFO: [ app_end ] --START--
INFO: Run Behavior\ShowPageTraceBehavior [ RunTime:0.000900s ]
INFO: [ app_end ] --END-- [ RunTime:0.001012s ]

[ 2019-07-11T12:40:24+08:00 ] ::1 /Home/DataApi/getNextData
INFO: [ app_init ] --START--
INFO: Run Behavior\BuildLiteBehavior [ RunTime:0.000019s ]
INFO: [ app_init ] --END-- [ RunTime:0.000389s ]
INFO: [ app_begin ] --START--
INFO: Run Behavior\ReadHtmlCacheBehavior [ RunTime:0.000812s ]
INFO: [ app_begin ] --END-- [ RunTime:0.000905s ]
NOTIC: [8192] mysql_connect(): The mysql extension is deprecated and will be removed in the future: use mysqli or PDO instead E:\nkp\wamp64\www\ThinkPHP\Library\Think\Db\Driver\Mysql.class.php 第 52 行.
SQL: SHOW COLUMNS FROM `tp_user` [ RunTime:0.000498s ]
SQL: SELECT * FROM `tp_user` WHERE `uToken` = '8066b8ddba4bd2538febd6a0b39b9887' ORDER BY uToken LIMIT 1   [ RunTime:0.000233s ]
SQL: SHOW COLUMNS FROM `tp_project_list` [ RunTime:0.000398s ]
SQL: SELECT * FROM `tp_project_list` WHERE `pId` = 13 AND `uId` = 10 ORDER BY pId LIMIT 1   [ RunTime:0.000200s ]

[ 2019-07-11T12:52:49+08:00 ] ::1 /Home/NewsApi/receiveNews
INFO: [ app_init ] --START--
INFO: Run Behavior\BuildLiteBehavior [ RunTime:0.000020s ]
INFO: [ app_init ] --END-- [ RunTime:0.000466s ]
INFO: [ app_begin ] --START--
INFO: Run Behavior\ReadHtmlCacheBehavior [ RunTime:0.000507s ]
INFO: [ app_begin ] --END-- [ RunTime:0.000600s ]
NOTIC: [8192] mysql_connect(): The mysql extension is deprecated and will be removed in the future: use mysqli or PDO instead E:\nkp\wamp64\www\ThinkPHP\Library\Think\Db\Driver\Mysql.class.php 第 52 行.
SQL: SHOW COLUMNS FROM `tp_user` [ RunTime:0.009537s ]
SQL: SELECT * FROM `tp_user` WHERE `uToken` = '8066b8ddba4bd2538febd6a0b39b9887' ORDER BY uToken LIMIT 1   [ RunTime:0.000313s ]
SQL: select a.id,a.sendId,a.receiveId,a.content,a.isRead,a.time,b.uId,b.uName,b.uImgSrc from tp_news_list as a left join tp_user as b on a.sendId=b.uId where a.receiveId=10 order by a.time desc [ RunTime:0.010906s ]
INFO: [ app_end ] --START--
INFO: Run Behavior\ShowPageTraceBehavior [ RunTime:0.000518s ]
INFO: [ app_end ] --END-- [ RunTime:0.000604s ]

[ 2019-07-11T12:52:49+08:00 ] ::1 /Home/DataApi/getNextData
INFO: [ app_init ] --START--
INFO: Run Behavior\BuildLiteBehavior [ RunTime:0.000033s ]
INFO: [ app_init ] --END-- [ RunTime:0.000503s ]
INFO: [ app_begin ] --START--
INFO: Run Behavior\ReadHtmlCacheBehavior [ RunTime:0.000776s ]
INFO: [ app_begin ] --END-- [ RunTime:0.000965s ]
NOTIC: [8192] mysql_connect(): The mysql extension is deprecated and will be removed in the future: use mysqli or PDO instead E:\nkp\wamp64\www\ThinkPHP\Library\Think\Db\Driver\Mysql.class.php 第 52 行.
SQL: SHOW COLUMNS FROM `tp_user` [ RunTime:0.009532s ]
SQL: SELECT * FROM `tp_user` WHERE `uToken` = '8066b8ddba4bd2538febd6a0b39b9887' ORDER BY uToken LIMIT 1   [ RunTime:0.000321s ]
SQL: SHOW COLUMNS FROM `tp_project_list` [ RunTime:0.019438s ]
SQL: SELECT * FROM `tp_project_list` WHERE `pId` = 13 AND `uId` = 10 ORDER BY pId LIMIT 1   [ RunTime:0.000233s ]

[ 2019-07-11T12:53:53+08:00 ] ::1 /Home/NewsApi/receiveNews
INFO: [ app_init ] --START--
INFO: Run Behavior\BuildLiteBehavior [ RunTime:0.000020s ]
INFO: [ app_init ] --END-- [ RunTime:0.000354s ]
INFO: [ app_begin ] --START--
INFO: Run Behavior\ReadHtmlCacheBehavior [ RunTime:0.000455s ]
INFO: [ app_begin ] --END-- [ RunTime:0.000556s ]
NOTIC: [8192] mysql_connect(): The mysql extension is deprecated and will be removed in the future: use mysqli or PDO instead E:\nkp\wamp64\www\ThinkPHP\Library\Think\Db\Driver\Mysql.class.php 第 52 行.
SQL: SHOW COLUMNS FROM `tp_user` [ RunTime:0.000696s ]
SQL: SELECT * FROM `tp_user` WHERE `uToken` = '8066b8ddba4bd2538febd6a0b39b9887' ORDER BY uToken LIMIT 1   [ RunTime:0.000223s ]
SQL: select a.id,a.sendId,a.receiveId,a.content,a.isRead,a.time,b.uId,b.uName,b.uImgSrc from tp_news_list as a left join tp_user as b on a.sendId=b.uId where a.receiveId=10 order by a.time desc [ RunTime:0.000458s ]
INFO: [ app_end ] --START--
INFO: Run Behavior\ShowPageTraceBehavior [ RunTime:0.000501s ]
INFO: [ app_end ] --END-- [ RunTime:0.000631s ]

[ 2019-07-11T12:53:53+08:00 ] ::1 /Home/DataApi/getNextData
INFO: [ app_init ] --START--
INFO: Run Behavior\BuildLiteBehavior [ RunTime:0.000023s ]
INFO: [ app_init ] --END-- [ RunTime:0.000372s ]
INFO: [ app_begin ] --START--
INFO: Run Behavior\ReadHtmlCacheBehavior [ RunTime:0.000466s ]
INFO: [ app_begin ] --END-- [ RunTime:0.000580s ]
NOTIC: [8192] mysql_connect(): The mysql extension is deprecated and will be removed in the future: use mysqli or PDO instead E:\nkp\wamp64\www\ThinkPHP\Library\Think\Db\Driver\Mysql.class.php 第 52 行.
SQL: SHOW COLUMNS FROM `tp_user` [ RunTime:0.000646s ]
SQL: SELECT * FROM `tp_user` WHERE `uToken` = '8066b8ddba4bd2538febd6a0b39b9887' ORDER BY uToken LIMIT 1   [ RunTime:0.000351s ]
SQL: SHOW COLUMNS FROM `tp_project_list` [ RunTime:0.000754s ]
SQL: SELECT * FROM `tp_project_list` WHERE `pId` = 13 AND `uId` = 10 ORDER BY pId LIMIT 1   [ RunTime:0.000305s ]

[ 2019-07-11T12:54:26+08:00 ] ::1 /Home/DataApi/text
INFO: [ app_init ] --START--
INFO: Run Behavior\BuildLiteBehavior [ RunTime:0.000021s ]
INFO: [ app_init ] --END-- [ RunTime:0.000332s ]
INFO: [ app_begin ] --START--
INFO: Run Behavior\ReadHtmlCacheBehavior [ RunTime:0.000331s ]
INFO: [ app_begin ] --END-- [ RunTime:0.000422s ]
ERR: 非法操作:text

[ 2019-07-11T12:54:33+08:00 ] ::1 /Home/DataApi/test
INFO: [ app_init ] --START--
INFO: Run Behavior\BuildLiteBehavior [ RunTime:0.000018s ]
INFO: [ app_init ] --END-- [ RunTime:0.000324s ]
INFO: [ app_begin ] --START--
INFO: Run Behavior\ReadHtmlCacheBehavior [ RunTime:0.000332s ]
INFO: [ app_begin ] --END-- [ RunTime:0.000426s ]
INFO: [ app_end ] --START--
INFO: Run Behavior\ShowPageTraceBehavior [ RunTime:0.000442s ]
INFO: [ app_end ] --END-- [ RunTime:0.000592s ]

[ 2019-07-11T12:56:23+08:00 ] 127.0.0.1 /Home/DataApi/test
INFO: [ app_init ] --START--
INFO: Run Behavior\BuildLiteBehavior [ RunTime:0.000021s ]
INFO: [ app_init ] --END-- [ RunTime:0.000422s ]
INFO: [ app_begin ] --START--
INFO: Run Behavior\ReadHtmlCacheBehavior [ RunTime:0.000546s ]
INFO: [ app_begin ] --END-- [ RunTime:0.000646s ]
INFO: [ app_end ] --START--
INFO: Run Behavior\ShowPageTraceBehavior [ RunTime:0.000605s ]
INFO: [ app_end ] --END-- [ RunTime:0.000721s ]

[ 2019-07-11T13:07:21+08:00 ] ::1 /Home/DataApi/test
INFO: [ app_init ] --START--
INFO: Run Behavior\BuildLiteBehavior [ RunTime:0.000019s ]
INFO: [ app_init ] --END-- [ RunTime:0.000406s ]
INFO: [ app_begin ] --START--
INFO: Run Behavior\ReadHtmlCacheBehavior [ RunTime:0.000605s ]
INFO: [ app_begin ] --END-- [ RunTime:0.000708s ]
INFO: [ app_end ] --START--
INFO: Run Behavior\ShowPageTraceBehavior [ RunTime:0.000635s ]
INFO: [ app_end ] --END-- [ RunTime:0.000737s ]

[ 2019-07-11T13:08:22+08:00 ] ::1 /Home/DataApi/test
INFO: [ app_init ] --START--
INFO: Run Behavior\BuildLiteBehavior [ RunTime:0.000018s ]
INFO: [ app_init ] --END-- [ RunTime:0.000361s ]
INFO: [ app_begin ] --START--
INFO: Run Behavior\ReadHtmlCacheBehavior [ RunTime:0.000521s ]
INFO: [ app_begin ] --END-- [ RunTime:0.000608s ]

[ 2019-07-11T13:11:24+08:00 ] ::1 /Home/DataApi/test
INFO: [ app_init ] --START--
INFO: Run Behavior\BuildLiteBehavior [ RunTime:0.000018s ]
INFO: [ app_init ] --END-- [ RunTime:0.000371s ]
INFO: [ app_begin ] --START--
INFO: Run Behavior\ReadHtmlCacheBehavior [ RunTime:0.000485s ]
INFO: [ app_begin ] --END-- [ RunTime:0.000573s ]

[ 2019-07-11T13:12:47+08:00 ] ::1 /Home/DataApi/test
INFO: [ app_init ] --START--
INFO: Run Behavior\BuildLiteBehavior [ RunTime:0.000019s ]
INFO: [ app_init ] --END-- [ RunTime:0.000379s ]
INFO: [ app_begin ] --START--
INFO: Run Behavior\ReadHtmlCacheBehavior [ RunTime:0.000485s ]
INFO: [ app_begin ] --END-- [ RunTime:0.000571s ]
INFO: [ app_end ] --START--
INFO: Run Behavior\ShowPageTraceBehavior [ RunTime:0.000471s ]
INFO: [ app_end ] --END-- [ RunTime:0.000563s ]

[ 2019-07-11T13:16:54+08:00 ] ::1 /Home/DataApi/test
INFO: [ app_init ] --START--
INFO: Run Behavior\BuildLiteBehavior [ RunTime:0.000036s ]
INFO: [ app_init ] --END-- [ RunTime:0.000768s ]
INFO: [ app_begin ] --START--
INFO: Run Behavior\ReadHtmlCacheBehavior [ RunTime:0.000510s ]
INFO: [ app_begin ] --END-- [ RunTime:0.000608s ]
INFO: [ app_end ] --START--
INFO: Run Behavior\ShowPageTraceBehavior [ RunTime:0.000498s ]
INFO: [ app_end ] --END-- [ RunTime:0.000601s ]

[ 2019-07-11T13:20:53+08:00 ] ::1 /Home/DataApi/test
INFO: [ app_init ] --START--
INFO: Run Behavior\BuildLiteBehavior [ RunTime:0.000019s ]
INFO: [ app_init ] --END-- [ RunTime:0.000384s ]
INFO: [ app_begin ] --START--
INFO: Run Behavior\ReadHtmlCacheBehavior [ RunTime:0.000474s ]
INFO: [ app_begin ] --END-- [ RunTime:0.000559s ]
INFO: [ app_end ] --START--
INFO: Run Behavior\ShowPageTraceBehavior [ RunTime:0.000658s ]
INFO: [ app_end ] --END-- [ RunTime:0.000766s ]

[ 2019-07-11T13:21:07+08:00 ] ::1 /Home/NewsApi/receiveNews
INFO: [ app_init ] --START--
INFO: Run Behavior\BuildLiteBehavior [ RunTime:0.000020s ]
INFO: [ app_init ] --END-- [ RunTime:0.000420s ]
INFO: [ app_begin ] --START--
INFO: Run Behavior\ReadHtmlCacheBehavior [ RunTime:0.000616s ]
INFO: [ app_begin ] --END-- [ RunTime:0.000744s ]
NOTIC: [8192] mysql_connect(): The mysql extension is deprecated and will be removed in the future: use mysqli or PDO instead E:\nkp\wamp64\www\ThinkPHP\Library\Think\Db\Driver\Mysql.class.php 第 52 行.
SQL: SHOW COLUMNS FROM `tp_user` [ RunTime:0.000771s ]
SQL: SELECT * FROM `tp_user` WHERE `uToken` = '8066b8ddba4bd2538febd6a0b39b9887' ORDER BY uToken LIMIT 1   [ RunTime:0.000319s ]
SQL: select a.id,a.sendId,a.receiveId,a.content,a.isRead,a.time,b.uId,b.uName,b.uImgSrc from tp_news_list as a left join tp_user as b on a.sendId=b.uId where a.receiveId=10 order by a.time desc [ RunTime:0.001036s ]
INFO: [ app_end ] --START--
INFO: Run Behavior\ShowPageTraceBehavior [ RunTime:0.000562s ]
INFO: [ app_end ] --END-- [ RunTime:0.000659s ]

[ 2019-07-11T13:21:07+08:00 ] ::1 /Home/DataApi/getNextData
INFO: [ app_init ] --START--
INFO: Run Behavior\BuildLiteBehavior [ RunTime:0.000023s ]
INFO: [ app_init ] --END-- [ RunTime:0.000517s ]
INFO: [ app_begin ] --START--
INFO: Run Behavior\ReadHtmlCacheBehavior [ RunTime:0.000393s ]
INFO: [ app_begin ] --END-- [ RunTime:0.000496s ]
NOTIC: [8192] mysql_connect(): The mysql extension is deprecated and will be removed in the future: use mysqli or PDO instead E:\nkp\wamp64\www\ThinkPHP\Library\Think\Db\Driver\Mysql.class.php 第 52 行.
SQL: SHOW COLUMNS FROM `tp_user` [ RunTime:0.003547s ]
SQL: SELECT * FROM `tp_user` WHERE `uToken` = '8066b8ddba4bd2538febd6a0b39b9887' ORDER BY uToken LIMIT 1   [ RunTime:0.000315s ]
SQL: SHOW COLUMNS FROM `tp_project_list` [ RunTime:0.001360s ]
SQL: SELECT * FROM `tp_project_list` WHERE `pId` = 13 AND `uId` = 10 ORDER BY pId LIMIT 1   [ RunTime:0.000239s ]

[ 2019-07-11T13:22:37+08:00 ] ::1 /Home/DataApi/test
INFO: [ app_init ] --START--
INFO: Run Behavior\BuildLiteBehavior [ RunTime:0.000020s ]
INFO: [ app_init ] --END-- [ RunTime:0.000389s ]
INFO: [ app_begin ] --START--
INFO: Run Behavior\ReadHtmlCacheBehavior [ RunTime:0.015775s ]
INFO: [ app_begin ] --END-- [ RunTime:0.015885s ]
INFO: [ app_end ] --START--
INFO: Run Behavior\ShowPageTraceBehavior [ RunTime:0.000535s ]
INFO: [ app_end ] --END-- [ RunTime:0.000636s ]

[ 2019-07-11T13:24:34+08:00 ] ::1 /Home/DataApi/test
INFO: [ app_init ] --START--
INFO: Run Behavior\BuildLiteBehavior [ RunTime:0.000022s ]
INFO: [ app_init ] --END-- [ RunTime:0.000483s ]
INFO: [ app_begin ] --START--
INFO: Run Behavior\ReadHtmlCacheBehavior [ RunTime:0.000511s ]
INFO: [ app_begin ] --END-- [ RunTime:0.000603s ]
INFO: [ app_end ] --START--
INFO: Run Behavior\ShowPageTraceBehavior [ RunTime:0.000620s ]
INFO: [ app_end ] --END-- [ RunTime:0.000732s ]

[ 2019-07-11T13:24:47+08:00 ] ::1 /Home/NewsApi/receiveNews
INFO: [ app_init ] --START--
INFO: Run Behavior\BuildLiteBehavior [ RunTime:0.000028s ]
INFO: [ app_init ] --END-- [ RunTime:0.000530s ]
INFO: [ app_begin ] --START--
INFO: Run Behavior\ReadHtmlCacheBehavior [ RunTime:0.000613s ]
INFO: [ app_begin ] --END-- [ RunTime:0.000724s ]
NOTIC: [8192] mysql_connect(): The mysql extension is deprecated and will be removed in the future: use mysqli or PDO instead E:\nkp\wamp64\www\ThinkPHP\Library\Think\Db\Driver\Mysql.class.php 第 52 行.
SQL: SHOW COLUMNS FROM `tp_user` [ RunTime:0.004259s ]
SQL: SELECT * FROM `tp_user` WHERE `uToken` = '8066b8ddba4bd2538febd6a0b39b9887' ORDER BY uToken LIMIT 1   [ RunTime:0.000375s ]
SQL: select a.id,a.sendId,a.receiveId,a.content,a.isRead,a.time,b.uId,b.uName,b.uImgSrc from tp_news_list as a left join tp_user as b on a.sendId=b.uId where a.receiveId=10 order by a.time desc [ RunTime:0.000759s ]
INFO: [ app_end ] --START--
INFO: Run Behavior\ShowPageTraceBehavior [ RunTime:0.000588s ]
INFO: [ app_end ] --END-- [ RunTime:0.000677s ]

[ 2019-07-11T13:24:47+08:00 ] ::1 /Home/DataApi/getNextData
INFO: [ app_init ] --START--
INFO: Run Behavior\BuildLiteBehavior [ RunTime:0.000022s ]
INFO: [ app_init ] --END-- [ RunTime:0.000427s ]
INFO: [ app_begin ] --START--
INFO: Run Behavior\ReadHtmlCacheBehavior [ RunTime:0.000523s ]
INFO: [ app_begin ] --END-- [ RunTime:0.000635s ]
NOTIC: [8192] mysql_connect(): The mysql extension is deprecated and will be removed in the future: use mysqli or PDO instead E:\nkp\wamp64\www\ThinkPHP\Library\Think\Db\Driver\Mysql.class.php 第 52 行.
SQL: SHOW COLUMNS FROM `tp_user` [ RunTime:0.004259s ]
SQL: SELECT * FROM `tp_user` WHERE `uToken` = '8066b8ddba4bd2538febd6a0b39b9887' ORDER BY uToken LIMIT 1   [ RunTime:0.000392s ]
SQL: SHOW COLUMNS FROM `tp_project_list` [ RunTime:0.000865s ]
SQL: SELECT * FROM `tp_project_list` WHERE `pId` = 13 AND `uId` = 10 ORDER BY pId LIMIT 1   [ RunTime:0.000270s ]

[ 2019-07-11T13:24:54+08:00 ] ::1 /Home/DataApi/test
INFO: [ app_init ] --START--
INFO: Run Behavior\BuildLiteBehavior [ RunTime:0.000018s ]
INFO: [ app_init ] --END-- [ RunTime:0.000312s ]
INFO: [ app_begin ] --START--
INFO: Run Behavior\ReadHtmlCacheBehavior [ RunTime:0.000390s ]
INFO: [ app_begin ] --END-- [ RunTime:0.000480s ]
INFO: [ app_end ] --START--
INFO: Run Behavior\ShowPageTraceBehavior [ RunTime:0.000598s ]
INFO: [ app_end ] --END-- [ RunTime:0.000711s ]

[ 2019-07-11T13:25:22+08:00 ] ::1 /Home/DataApi/test
INFO: [ app_init ] --START--
INFO: Run Behavior\BuildLiteBehavior [ RunTime:0.000021s ]
INFO: [ app_init ] --END-- [ RunTime:0.000326s ]
INFO: [ app_begin ] --START--
INFO: Run Behavior\ReadHtmlCacheBehavior [ RunTime:0.000330s ]
INFO: [ app_begin ] --END-- [ RunTime:0.000421s ]

[ 2019-07-11T13:28:38+08:00 ] ::1 /Home/DataApi/test
INFO: [ app_init ] --START--
INFO: Run Behavior\BuildLiteBehavior [ RunTime:0.000020s ]
INFO: [ app_init ] --END-- [ RunTime:0.000391s ]
INFO: [ app_begin ] --START--
INFO: Run Behavior\ReadHtmlCacheBehavior [ RunTime:0.000511s ]
INFO: [ app_begin ] --END-- [ RunTime:0.000611s ]

[ 2019-07-11T13:29:07+08:00 ] ::1 /Home/DataApi/test
INFO: [ app_init ] --START--
INFO: Run Behavior\BuildLiteBehavior [ RunTime:0.000021s ]
INFO: [ app_init ] --END-- [ RunTime:0.000378s ]
INFO: [ app_begin ] --START--
INFO: Run Behavior\ReadHtmlCacheBehavior [ RunTime:0.000478s ]
INFO: [ app_begin ] --END-- [ RunTime:0.000571s ]
INFO: [ app_end ] --START--
INFO: Run Behavior\ShowPageTraceBehavior [ RunTime:0.000551s ]
INFO: [ app_end ] --END-- [ RunTime:0.000669s ]

[ 2019-07-11T13:29:15+08:00 ] ::1 /Home/DataApi/test
INFO: [ app_init ] --START--
INFO: Run Behavior\BuildLiteBehavior [ RunTime:0.000021s ]
INFO: [ app_init ] --END-- [ RunTime:0.000350s ]
INFO: [ app_begin ] --START--
INFO: Run Behavior\ReadHtmlCacheBehavior [ RunTime:0.004540s ]
INFO: [ app_begin ] --END-- [ RunTime:0.004651s ]
INFO: [ app_end ] --START--
INFO: Run Behavior\ShowPageTraceBehavior [ RunTime:0.000555s ]
INFO: [ app_end ] --END-- [ RunTime:0.000680s ]

[ 2019-07-11T13:33:54+08:00 ] ::1 /Home/NewsApi/receiveNews
INFO: [ app_init ] --START--
INFO: Run Behavior\BuildLiteBehavior [ RunTime:0.000024s ]
INFO: [ app_init ] --END-- [ RunTime:0.000424s ]
INFO: [ app_begin ] --START--
INFO: Run Behavior\ReadHtmlCacheBehavior [ RunTime:0.000516s ]
INFO: [ app_begin ] --END-- [ RunTime:0.000621s ]
NOTIC: [8192] mysql_connect(): The mysql extension is deprecated and will be removed in the future: use mysqli or PDO instead E:\nkp\wamp64\www\ThinkPHP\Library\Think\Db\Driver\Mysql.class.php 第 52 行.
SQL: SHOW COLUMNS FROM `tp_user` [ RunTime:0.000715s ]
SQL: SELECT * FROM `tp_user` WHERE `uToken` = '8066b8ddba4bd2538febd6a0b39b9887' ORDER BY uToken LIMIT 1   [ RunTime:0.000248s ]
SQL: select a.id,a.sendId,a.receiveId,a.content,a.isRead,a.time,b.uId,b.uName,b.uImgSrc from tp_news_list as a left join tp_user as b on a.sendId=b.uId where a.receiveId=10 order by a.time desc [ RunTime:0.000640s ]
INFO: [ app_end ] --START--
INFO: Run Behavior\ShowPageTraceBehavior [ RunTime:0.000545s ]
INFO: [ app_end ] --END-- [ RunTime:0.000645s ]

[ 2019-07-11T13:33:54+08:00 ] ::1 /Home/DataApi/getNextData
INFO: [ app_init ] --START--
INFO: Run Behavior\BuildLiteBehavior [ RunTime:0.000022s ]
INFO: [ app_init ] --END-- [ RunTime:0.000437s ]
INFO: [ app_begin ] --START--
INFO: Run Behavior\ReadHtmlCacheBehavior [ RunTime:0.002363s ]
INFO: [ app_begin ] --END-- [ RunTime:0.002494s ]
NOTIC: [8192] mysql_connect(): The mysql extension is deprecated and will be removed in the future: use mysqli or PDO instead E:\nkp\wamp64\www\ThinkPHP\Library\Think\Db\Driver\Mysql.class.php 第 52 行.
SQL: SHOW COLUMNS FROM `tp_user` [ RunTime:0.000529s ]
SQL: SELECT * FROM `tp_user` WHERE `uToken` = '8066b8ddba4bd2538febd6a0b39b9887' ORDER BY uToken LIMIT 1   [ RunTime:0.000232s ]
SQL: SHOW COLUMNS FROM `tp_project_list` [ RunTime:0.000594s ]
SQL: SELECT * FROM `tp_project_list` WHERE `pId` = 13 AND `uId` = 10 ORDER BY pId LIMIT 1   [ RunTime:0.000265s ]

[ 2019-07-11T14:26:26+08:00 ] ::1 /Home/NewsApi/receiveNews
INFO: [ app_init ] --START--
INFO: Run Behavior\BuildLiteBehavior [ RunTime:0.000020s ]
INFO: [ app_init ] --END-- [ RunTime:0.000429s ]
INFO: [ app_begin ] --START--
INFO: Run Behavior\ReadHtmlCacheBehavior [ RunTime:0.000495s ]
INFO: [ app_begin ] --END-- [ RunTime:0.000590s ]
NOTIC: [8192] mysql_connect(): The mysql extension is deprecated and will be removed in the future: use mysqli or PDO instead E:\nkp\wamp64\www\ThinkPHP\Library\Think\Db\Driver\Mysql.class.php 第 52 行.
SQL: SHOW COLUMNS FROM `tp_user` [ RunTime:0.001120s ]
SQL: SELECT * FROM `tp_user` WHERE `uToken` = '8066b8ddba4bd2538febd6a0b39b9887' ORDER BY uToken LIMIT 1   [ RunTime:0.000289s ]
SQL: select a.id,a.sendId,a.receiveId,a.content,a.isRead,a.time,b.uId,b.uName,b.uImgSrc from tp_news_list as a left join tp_user as b on a.sendId=b.uId where a.receiveId=10 order by a.time desc [ RunTime:0.000528s ]
INFO: [ app_end ] --START--
INFO: Run Behavior\ShowPageTraceBehavior [ RunTime:0.000536s ]
INFO: [ app_end ] --END-- [ RunTime:0.000628s ]

[ 2019-07-11T14:26:26+08:00 ] ::1 /Home/DataApi/getNextData
INFO: [ app_init ] --START--
INFO: Run Behavior\BuildLiteBehavior [ RunTime:0.000021s ]
INFO: [ app_init ] --END-- [ RunTime:0.000437s ]
INFO: [ app_begin ] --START--
INFO: Run Behavior\ReadHtmlCacheBehavior [ RunTime:0.000555s ]
INFO: [ app_begin ] --END-- [ RunTime:0.000676s ]
NOTIC: [8192] mysql_connect(): The mysql extension is deprecated and will be removed in the future: use mysqli or PDO instead E:\nkp\wamp64\www\ThinkPHP\Library\Think\Db\Driver\Mysql.class.php 第 52 行.
SQL: SHOW COLUMNS FROM `tp_user` [ RunTime:0.001085s ]
SQL: SELECT * FROM `tp_user` WHERE `uToken` = '8066b8ddba4bd2538febd6a0b39b9887' ORDER BY uToken LIMIT 1   [ RunTime:0.000317s ]
SQL: SHOW COLUMNS FROM `tp_project_list` [ RunTime:0.000643s ]
SQL: SELECT * FROM `tp_project_list` WHERE `pId` = 13 AND `uId` = 10 ORDER BY pId LIMIT 1   [ RunTime:0.000266s ]

[ 2019-07-11T15:23:29+08:00 ] ::1 /Home/DataApi/getNextData
INFO: [ app_init ] --START--
INFO: Run Behavior\BuildLiteBehavior [ RunTime:0.000025s ]
INFO: [ app_init ] --END-- [ RunTime:0.000546s ]
INFO: [ app_begin ] --START--
INFO: Run Behavior\ReadHtmlCacheBehavior [ RunTime:0.000838s ]
INFO: [ app_begin ] --END-- [ RunTime:0.000952s ]
NOTIC: [8192] mysql_connect(): The mysql extension is deprecated and will be removed in the future: use mysqli or PDO instead E:\nkp\wamp64\www\ThinkPHP\Library\Think\Db\Driver\Mysql.class.php 第 52 行.
SQL: SHOW COLUMNS FROM `tp_user` [ RunTime:0.000776s ]
SQL: SELECT * FROM `tp_user` WHERE `uToken` = '8066b8ddba4bd2538febd6a0b39b9887' ORDER BY uToken LIMIT 1   [ RunTime:0.000208s ]
SQL: SHOW COLUMNS FROM `tp_project_list` [ RunTime:0.000485s ]
SQL: SELECT * FROM `tp_project_list` WHERE `pId` = 13 AND `uId` = 10 ORDER BY pId LIMIT 1   [ RunTime:0.000156s ]

[ 2019-07-11T15:23:29+08:00 ] ::1 /Home/NewsApi/receiveNews
INFO: [ app_init ] --START--
INFO: Run Behavior\BuildLiteBehavior [ RunTime:0.000022s ]
INFO: [ app_init ] --END-- [ RunTime:0.000423s ]
INFO: [ app_begin ] --START--
INFO: Run Behavior\ReadHtmlCacheBehavior [ RunTime:0.000815s ]
INFO: [ app_begin ] --END-- [ RunTime:0.000935s ]
NOTIC: [8192] mysql_connect(): The mysql extension is deprecated and will be removed in the future: use mysqli or PDO instead E:\nkp\wamp64\www\ThinkPHP\Library\Think\Db\Driver\Mysql.class.php 第 52 行.
SQL: SHOW COLUMNS FROM `tp_user` [ RunTime:0.000610s ]
SQL: SELECT * FROM `tp_user` WHERE `uToken` = '8066b8ddba4bd2538febd6a0b39b9887' ORDER BY uToken LIMIT 1   [ RunTime:0.000168s ]
SQL: select a.id,a.sendId,a.receiveId,a.content,a.isRead,a.time,b.uId,b.uName,b.uImgSrc from tp_news_list as a left join tp_user as b on a.sendId=b.uId where a.receiveId=10 order by a.time desc [ RunTime:0.000428s ]
INFO: [ app_end ] --START--
INFO: Run Behavior\ShowPageTraceBehavior [ RunTime:0.000708s ]
INFO: [ app_end ] --END-- [ RunTime:0.000802s ]

[ 2019-07-11T15:23:45+08:00 ] ::1 /Home/NewsApi/receiveNews
INFO: [ app_init ] --START--
INFO: Run Behavior\BuildLiteBehavior [ RunTime:0.000019s ]
INFO: [ app_init ] --END-- [ RunTime:0.000545s ]
INFO: [ app_begin ] --START--
INFO: Run Behavior\ReadHtmlCacheBehavior [ RunTime:0.000635s ]
INFO: [ app_begin ] --END-- [ RunTime:0.000747s ]
NOTIC: [8192] mysql_connect(): The mysql extension is deprecated and will be removed in the future: use mysqli or PDO instead E:\nkp\wamp64\www\ThinkPHP\Library\Think\Db\Driver\Mysql.class.php 第 52 行.
SQL: SHOW COLUMNS FROM `tp_user` [ RunTime:0.000737s ]
SQL: SELECT * FROM `tp_user` WHERE `uToken` = '8066b8ddba4bd2538febd6a0b39b9887' ORDER BY uToken LIMIT 1   [ RunTime:0.000199s ]
SQL: select a.id,a.sendId,a.receiveId,a.content,a.isRead,a.time,b.uId,b.uName,b.uImgSrc from tp_news_list as a left join tp_user as b on a.sendId=b.uId where a.receiveId=10 order by a.time desc [ RunTime:0.000545s ]
INFO: [ app_end ] --START--
INFO: Run Behavior\ShowPageTraceBehavior [ RunTime:0.000673s ]
INFO: [ app_end ] --END-- [ RunTime:0.000766s ]

[ 2019-07-11T15:23:45+08:00 ] ::1 /Home/ProjectApi/getProjectDetail
INFO: [ app_init ] --START--
INFO: Run Behavior\BuildLiteBehavior [ RunTime:0.000018s ]
INFO: [ app_init ] --END-- [ RunTime:0.000378s ]
INFO: [ app_begin ] --START--
INFO: Run Behavior\ReadHtmlCacheBehavior [ RunTime:0.000677s ]
INFO: [ app_begin ] --END-- [ RunTime:0.000775s ]
NOTIC: [8192] mysql_connect(): The mysql extension is deprecated and will be removed in the future: use mysqli or PDO instead E:\nkp\wamp64\www\ThinkPHP\Library\Think\Db\Driver\Mysql.class.php 第 52 行.
SQL: SHOW COLUMNS FROM `tp_user` [ RunTime:0.000571s ]
SQL: SELECT * FROM `tp_user` WHERE `uToken` = '8066b8ddba4bd2538febd6a0b39b9887' ORDER BY uToken LIMIT 1   [ RunTime:0.000258s ]
SQL: SHOW COLUMNS FROM `tp_project_info` [ RunTime:0.000729s ]
SQL: SELECT * FROM `tp_project_info` WHERE `pId` = 13 ORDER BY pId LIMIT 1   [ RunTime:0.000280s ]
SQL: SELECT * FROM `tp_user` WHERE `uId` = 9 ORDER BY uId LIMIT 1   [ RunTime:0.000178s ]
SQL: SHOW COLUMNS FROM `tp_project_list` [ RunTime:0.000532s ]
SQL: SELECT * FROM `tp_project_list` WHERE `pId` = 13 AND `uId` = 10 ORDER BY pId LIMIT 1   [ RunTime:0.000182s ]
INFO: [ app_end ] --START--
INFO: Run Behavior\ShowPageTraceBehavior [ RunTime:0.000788s ]
INFO: [ app_end ] --END-- [ RunTime:0.000881s ]

[ 2019-07-11T16:08:50+08:00 ] ::1 /Home/DataApi/getNextData
INFO: [ app_init ] --START--
INFO: Run Behavior\BuildLiteBehavior [ RunTime:0.000018s ]
INFO: [ app_init ] --END-- [ RunTime:0.000477s ]
INFO: [ app_begin ] --START--
INFO: Run Behavior\ReadHtmlCacheBehavior [ RunTime:0.001007s ]
INFO: [ app_begin ] --END-- [ RunTime:0.001109s ]

[ 2019-07-11T16:08:50+08:00 ] ::1 /Home/NewsApi/receiveNews
INFO: [ app_init ] --START--
INFO: Run Behavior\BuildLiteBehavior [ RunTime:0.000019s ]
INFO: [ app_init ] --END-- [ RunTime:0.000454s ]
INFO: [ app_begin ] --START--
INFO: Run Behavior\ReadHtmlCacheBehavior [ RunTime:0.000760s ]
INFO: [ app_begin ] --END-- [ RunTime:0.000854s ]
NOTIC: [8192] mysql_connect(): The mysql extension is deprecated and will be removed in the future: use mysqli or PDO instead E:\nkp\wamp64\www\ThinkPHP\Library\Think\Db\Driver\Mysql.class.php 第 52 行.
SQL: SHOW COLUMNS FROM `tp_user` [ RunTime:0.000565s ]
SQL: SELECT * FROM `tp_user` WHERE `uToken` = '8066b8ddba4bd2538febd6a0b39b9887' ORDER BY uToken LIMIT 1   [ RunTime:0.000251s ]
SQL: select a.id,a.sendId,a.receiveId,a.content,a.isRead,a.time,b.uId,b.uName,b.uImgSrc from tp_news_list as a left join tp_user as b on a.sendId=b.uId where a.receiveId=10 order by a.time desc [ RunTime:0.000572s ]
INFO: [ app_end ] --START--
INFO: Run Behavior\ShowPageTraceBehavior [ RunTime:0.000866s ]
INFO: [ app_end ] --END-- [ RunTime:0.000953s ]

[ 2019-07-11T16:09:21+08:00 ] ::1 /Home/DataApi/getNextData
INFO: [ app_init ] --START--
INFO: Run Behavior\BuildLiteBehavior [ RunTime:0.000022s ]
INFO: [ app_init ] --END-- [ RunTime:0.000586s ]
INFO: [ app_begin ] --START--
INFO: Run Behavior\ReadHtmlCacheBehavior [ RunTime:0.000959s ]
INFO: [ app_begin ] --END-- [ RunTime:0.001070s ]

[ 2019-07-11T16:09:21+08:00 ] ::1 /Home/NewsApi/receiveNews
INFO: [ app_init ] --START--
INFO: Run Behavior\BuildLiteBehavior [ RunTime:0.000018s ]
INFO: [ app_init ] --END-- [ RunTime:0.000389s ]
INFO: [ app_begin ] --START--
INFO: Run Behavior\ReadHtmlCacheBehavior [ RunTime:0.000735s ]
INFO: [ app_begin ] --END-- [ RunTime:0.000826s ]
NOTIC: [8192] mysql_connect(): The mysql extension is deprecated and will be removed in the future: use mysqli or PDO instead E:\nkp\wamp64\www\ThinkPHP\Library\Think\Db\Driver\Mysql.class.php 第 52 行.
SQL: SHOW COLUMNS FROM `tp_user` [ RunTime:0.000594s ]
SQL: SELECT * FROM `tp_user` WHERE `uToken` = '8066b8ddba4bd2538febd6a0b39b9887' ORDER BY uToken LIMIT 1   [ RunTime:0.000284s ]
SQL: select a.id,a.sendId,a.receiveId,a.content,a.isRead,a.time,b.uId,b.uName,b.uImgSrc from tp_news_list as a left join tp_user as b on a.sendId=b.uId where a.receiveId=10 order by a.time desc [ RunTime:0.000373s ]
INFO: [ app_end ] --START--
INFO: Run Behavior\ShowPageTraceBehavior [ RunTime:0.000922s ]
INFO: [ app_end ] --END-- [ RunTime:0.001017s ]

[ 2019-07-11T16:09:26+08:00 ] ::1 /Home/DataApi/getNextData
INFO: [ app_init ] --START--
INFO: Run Behavior\BuildLiteBehavior [ RunTime:0.000023s ]
INFO: [ app_init ] --END-- [ RunTime:0.008882s ]
INFO: [ app_begin ] --START--
INFO: Run Behavior\ReadHtmlCacheBehavior [ RunTime:0.000779s ]
INFO: [ app_begin ] --END-- [ RunTime:0.000882s ]

[ 2019-07-11T16:09:37+08:00 ] ::1 /Home/DataApi/getNextData
INFO: [ app_init ] --START--
INFO: Run Behavior\BuildLiteBehavior [ RunTime:0.000018s ]
INFO: [ app_init ] --END-- [ RunTime:0.000376s ]
INFO: [ app_begin ] --START--
INFO: Run Behavior\ReadHtmlCacheBehavior [ RunTime:0.000736s ]
INFO: [ app_begin ] --END-- [ RunTime:0.000825s ]
NOTIC: [8] Undefined index: token E:\nkp\wamp64\www\Application\Home\Controller\DataApiController.class.php 第 427 行.
NOTIC: [8] Undefined index: projectId E:\nkp\wamp64\www\Application\Home\Controller\DataApiController.class.php 第 428 行.

[ 2019-07-11T16:09:40+08:00 ] ::1 /Home/NewsApi/receiveNews
INFO: [ app_init ] --START--
INFO: Run Behavior\BuildLiteBehavior [ RunTime:0.000022s ]
INFO: [ app_init ] --END-- [ RunTime:0.000441s ]
INFO: [ app_begin ] --START--
INFO: Run Behavior\ReadHtmlCacheBehavior [ RunTime:0.000981s ]
INFO: [ app_begin ] --END-- [ RunTime:0.001176s ]
NOTIC: [8192] mysql_connect(): The mysql extension is deprecated and will be removed in the future: use mysqli or PDO instead E:\nkp\wamp64\www\ThinkPHP\Library\Think\Db\Driver\Mysql.class.php 第 52 行.
SQL: SHOW COLUMNS FROM `tp_user` [ RunTime:0.000570s ]
SQL: SELECT * FROM `tp_user` WHERE `uToken` = '8066b8ddba4bd2538febd6a0b39b9887' ORDER BY uToken LIMIT 1   [ RunTime:0.000270s ]
SQL: select a.id,a.sendId,a.receiveId,a.content,a.isRead,a.time,b.uId,b.uName,b.uImgSrc from tp_news_list as a left join tp_user as b on a.sendId=b.uId where a.receiveId=10 order by a.time desc [ RunTime:0.000473s ]
INFO: [ app_end ] --START--
INFO: Run Behavior\ShowPageTraceBehavior [ RunTime:0.001820s ]
INFO: [ app_end ] --END-- [ RunTime:0.001923s ]

[ 2019-07-11T16:09:40+08:00 ] ::1 /Home/DataApi/getNextData
INFO: [ app_init ] --START--
INFO: Run Behavior\BuildLiteBehavior [ RunTime:0.000019s ]
INFO: [ app_init ] --END-- [ RunTime:0.000369s ]
INFO: [ app_begin ] --START--
INFO: Run Behavior\ReadHtmlCacheBehavior [ RunTime:0.000488s ]
INFO: [ app_begin ] --END-- [ RunTime:0.000580s ]
NOTIC: [8192] mysql_connect(): The mysql extension is deprecated and will be removed in the future: use mysqli or PDO instead E:\nkp\wamp64\www\ThinkPHP\Library\Think\Db\Driver\Mysql.class.php 第 52 行.
SQL: SHOW COLUMNS FROM `tp_user` [ RunTime:0.000454s ]
SQL: SELECT * FROM `tp_user` WHERE `uToken` = '8066b8ddba4bd2538febd6a0b39b9887' ORDER BY uToken LIMIT 1   [ RunTime:0.000212s ]
SQL: SHOW COLUMNS FROM `tp_project_list` [ RunTime:0.000531s ]
SQL: SELECT * FROM `tp_project_list` WHERE `pId` = 13 AND `uId` = 10 ORDER BY pId LIMIT 1   [ RunTime:0.000292s ]
SQL: SHOW COLUMNS FROM `tp_project_info` [ RunTime:0.000649s ]
SQL: SELECT * FROM `tp_project_info` WHERE `pId` = 13 LIMIT 1   [ RunTime:0.000290s ]

[ 2019-07-11T16:09:43+08:00 ] ::1 /Home/ProjectApi/getProjectDetail
INFO: [ app_init ] --START--
INFO: Run Behavior\BuildLiteBehavior [ RunTime:0.000020s ]
INFO: [ app_init ] --END-- [ RunTime:0.000325s ]
INFO: [ app_begin ] --START--
INFO: Run Behavior\ReadHtmlCacheBehavior [ RunTime:0.000327s ]
INFO: [ app_begin ] --END-- [ RunTime:0.000415s ]
NOTIC: [8192] mysql_connect(): The mysql extension is deprecated and will be removed in the future: use mysqli or PDO instead E:\nkp\wamp64\www\ThinkPHP\Library\Think\Db\Driver\Mysql.class.php 第 52 行.
SQL: SHOW COLUMNS FROM `tp_user` [ RunTime:0.000479s ]
SQL: SELECT * FROM `tp_user` WHERE `uToken` = '8066b8ddba4bd2538febd6a0b39b9887' ORDER BY uToken LIMIT 1   [ RunTime:0.000256s ]
SQL: SHOW COLUMNS FROM `tp_project_info` [ RunTime:0.000505s ]
SQL: SELECT * FROM `tp_project_info` WHERE `pId` = 13 ORDER BY pId LIMIT 1   [ RunTime:0.000165s ]
SQL: SELECT * FROM `tp_user` WHERE `uId` = 9 ORDER BY uId LIMIT 1   [ RunTime:0.000117s ]
SQL: SHOW COLUMNS FROM `tp_project_list` [ RunTime:0.000447s ]
SQL: SELECT * FROM `tp_project_list` WHERE `pId` = 13 AND `uId` = 10 ORDER BY pId LIMIT 1   [ RunTime:0.000152s ]
INFO: [ app_end ] --START--
INFO: Run Behavior\ShowPageTraceBehavior [ RunTime:0.000503s ]
INFO: [ app_end ] --END-- [ RunTime:0.000588s ]

[ 2019-07-11T16:09:43+08:00 ] ::1 /Home/NewsApi/receiveNews
INFO: [ app_init ] --START--
INFO: Run Behavior\BuildLiteBehavior [ RunTime:0.000017s ]
INFO: [ app_init ] --END-- [ RunTime:0.000424s ]
INFO: [ app_begin ] --START--
INFO: Run Behavior\ReadHtmlCacheBehavior [ RunTime:0.000656s ]
INFO: [ app_begin ] --END-- [ RunTime:0.000776s ]
NOTIC: [8192] mysql_connect(): The mysql extension is deprecated and will be removed in the future: use mysqli or PDO instead E:\nkp\wamp64\www\ThinkPHP\Library\Think\Db\Driver\Mysql.class.php 第 52 行.
SQL: SHOW COLUMNS FROM `tp_user` [ RunTime:0.000476s ]
SQL: SELECT * FROM `tp_user` WHERE `uToken` = '8066b8ddba4bd2538febd6a0b39b9887' ORDER BY uToken LIMIT 1   [ RunTime:0.000218s ]
SQL: select a.id,a.sendId,a.receiveId,a.content,a.isRead,a.time,b.uId,b.uName,b.uImgSrc from tp_news_list as a left join tp_user as b on a.sendId=b.uId where a.receiveId=10 order by a.time desc [ RunTime:0.000581s ]
INFO: [ app_end ] --START--
INFO: Run Behavior\ShowPageTraceBehavior [ RunTime:0.000699s ]
INFO: [ app_end ] --END-- [ RunTime:0.000793s ]

[ 2019-07-11T16:09:45+08:00 ] ::1 /Home/DataApi/getNextData
INFO: [ app_init ] --START--
INFO: Run Behavior\BuildLiteBehavior [ RunTime:0.000019s ]
INFO: [ app_init ] --END-- [ RunTime:0.000325s ]
INFO: [ app_begin ] --START--
INFO: Run Behavior\ReadHtmlCacheBehavior [ RunTime:0.000322s ]
INFO: [ app_begin ] --END-- [ RunTime:0.000414s ]
NOTIC: [8192] mysql_connect(): The mysql extension is deprecated and will be removed in the future: use mysqli or PDO instead E:\nkp\wamp64\www\ThinkPHP\Library\Think\Db\Driver\Mysql.class.php 第 52 行.
SQL: SHOW COLUMNS FROM `tp_user` [ RunTime:0.000714s ]
SQL: SELECT * FROM `tp_user` WHERE `uToken` = '8066b8ddba4bd2538febd6a0b39b9887' ORDER BY uToken LIMIT 1   [ RunTime:0.000284s ]
SQL: SHOW COLUMNS FROM `tp_project_list` [ RunTime:0.000560s ]
SQL: SELECT * FROM `tp_project_list` WHERE `pId` = 13 AND `uId` = 10 ORDER BY pId LIMIT 1   [ RunTime:0.000358s ]
SQL: SHOW COLUMNS FROM `tp_project_info` [ RunTime:0.000719s ]
SQL: SELECT * FROM `tp_project_info` WHERE `pId` = 13 LIMIT 1   [ RunTime:0.000251s ]

[ 2019-07-11T16:09:46+08:00 ] ::1 /Home/NewsApi/receiveNews
INFO: [ app_init ] --START--
INFO: Run Behavior\BuildLiteBehavior [ RunTime:0.000020s ]
INFO: [ app_init ] --END-- [ RunTime:0.000446s ]
INFO: [ app_begin ] --START--
INFO: Run Behavior\ReadHtmlCacheBehavior [ RunTime:0.000593s ]
INFO: [ app_begin ] --END-- [ RunTime:0.000703s ]
NOTIC: [8192] mysql_connect(): The mysql extension is deprecated and will be removed in the future: use mysqli or PDO instead E:\nkp\wamp64\www\ThinkPHP\Library\Think\Db\Driver\Mysql.class.php 第 52 行.
SQL: SHOW COLUMNS FROM `tp_user` [ RunTime:0.000590s ]
SQL: SELECT * FROM `tp_user` WHERE `uToken` = '8066b8ddba4bd2538febd6a0b39b9887' ORDER BY uToken LIMIT 1   [ RunTime:0.000267s ]
SQL: select a.id,a.sendId,a.receiveId,a.content,a.isRead,a.time,b.uId,b.uName,b.uImgSrc from tp_news_list as a left join tp_user as b on a.sendId=b.uId where a.receiveId=10 order by a.time desc [ RunTime:0.000552s ]
INFO: [ app_end ] --START--
INFO: Run Behavior\ShowPageTraceBehavior [ RunTime:0.000746s ]
INFO: [ app_end ] --END-- [ RunTime:0.000847s ]

[ 2019-07-11T16:09:53+08:00 ] ::1 /Home/NewsApi/receiveNews
INFO: [ app_init ] --START--
INFO: Run Behavior\BuildLiteBehavior [ RunTime:0.000018s ]
INFO: [ app_init ] --END-- [ RunTime:0.000431s ]
INFO: [ app_begin ] --START--
INFO: Run Behavior\ReadHtmlCacheBehavior [ RunTime:0.000580s ]
INFO: [ app_begin ] --END-- [ RunTime:0.000677s ]
NOTIC: [8192] mysql_connect(): The mysql extension is deprecated and will be removed in the future: use mysqli or PDO instead E:\nkp\wamp64\www\ThinkPHP\Library\Think\Db\Driver\Mysql.class.php 第 52 行.
SQL: SHOW COLUMNS FROM `tp_user` [ RunTime:0.000526s ]
SQL: SELECT * FROM `tp_user` WHERE `uToken` = '8066b8ddba4bd2538febd6a0b39b9887' ORDER BY uToken LIMIT 1   [ RunTime:0.000158s ]
SQL: select a.id,a.sendId,a.receiveId,a.content,a.isRead,a.time,b.uId,b.uName,b.uImgSrc from tp_news_list as a left join tp_user as b on a.sendId=b.uId where a.receiveId=10 order by a.time desc [ RunTime:0.000446s ]
INFO: [ app_end ] --START--
INFO: Run Behavior\ShowPageTraceBehavior [ RunTime:0.000674s ]
INFO: [ app_end ] --END-- [ RunTime:0.000770s ]

[ 2019-07-11T16:09:53+08:00 ] ::1 /Home/ProjectApi/getProjectDetail
INFO: [ app_init ] --START--
INFO: Run Behavior\BuildLiteBehavior [ RunTime:0.000019s ]
INFO: [ app_init ] --END-- [ RunTime:0.000493s ]
INFO: [ app_begin ] --START--
INFO: Run Behavior\ReadHtmlCacheBehavior [ RunTime:0.001114s ]
INFO: [ app_begin ] --END-- [ RunTime:0.001225s ]
NOTIC: [8192] mysql_connect(): The mysql extension is deprecated and will be removed in the future: use mysqli or PDO instead E:\nkp\wamp64\www\ThinkPHP\Library\Think\Db\Driver\Mysql.class.php 第 52 行.
SQL: SHOW COLUMNS FROM `tp_user` [ RunTime:0.000645s ]
SQL: SELECT * FROM `tp_user` WHERE `uToken` = '8066b8ddba4bd2538febd6a0b39b9887' ORDER BY uToken LIMIT 1   [ RunTime:0.000222s ]
SQL: SHOW COLUMNS FROM `tp_project_info` [ RunTime:0.000418s ]
SQL: SELECT * FROM `tp_project_info` WHERE `pId` = 13 ORDER BY pId LIMIT 1   [ RunTime:0.000196s ]
SQL: SELECT * FROM `tp_user` WHERE `uId` = 9 ORDER BY uId LIMIT 1   [ RunTime:0.000149s ]
SQL: SHOW COLUMNS FROM `tp_project_list` [ RunTime:0.000576s ]
SQL: SELECT * FROM `tp_project_list` WHERE `pId` = 13 AND `uId` = 10 ORDER BY pId LIMIT 1   [ RunTime:0.000180s ]
INFO: [ app_end ] --START--
INFO: Run Behavior\ShowPageTraceBehavior [ RunTime:0.000804s ]
INFO: [ app_end ] --END-- [ RunTime:0.000901s ]

